<?xml version="1.0" encoding="UTF-8"?>
<testsuite name="studio.app.MessageUtilsTest" tests="1" skipped="0" failures="0" errors="0" timestamp="2023-09-11T22:40:33" hostname="VISHAL-JODD" time="0.019">
  <properties/>
  <testcase name="testGetMessage()" classname="studio.app.MessageUtilsTest" time="0.019"/>
  <system-out><![CDATA[]]></system-out>
  <system-err><![CDATA[]]></system-err>
</testsuite>
