<?xml version="1.0" encoding="UTF-8"?>
<testsuite name="com.csse3200.game.components.player.InventoryComponentTest" tests="3" skipped="0" failures="0" errors="0" timestamp="2023-10-10T07:19:24" hostname="DESKTOP-F4ACIG8" time="0.015">
  <properties/>
  <testcase name="shouldCheckHasGold()" classname="com.csse3200.game.components.player.InventoryComponentTest" time="0.006"/>
  <testcase name="shouldAddGold()" classname="com.csse3200.game.components.player.InventoryComponentTest" time="0.002"/>
  <testcase name="shouldSetGetGold()" classname="com.csse3200.game.components.player.InventoryComponentTest" time="0.003"/>
  <system-out><![CDATA[]]></system-out>
  <system-err><![CDATA[]]></system-err>
</testsuite>
