<?xml version="1.0" encoding="UTF-8"?>
<testsuite name="com.csse3200.game.ai.tasks.AITaskComponentTest" tests="5" skipped="0" failures="0" errors="0" timestamp="2023-10-10T07:19:12" hostname="DESKTOP-F4ACIG8" time="0.55">
  <properties/>
  <testcase name="shouldRunNothingWithNoTask()" classname="com.csse3200.game.ai.tasks.AITaskComponentTest" time="0.163"/>
  <testcase name="shouldRunSingleTask()" classname="com.csse3200.game.ai.tasks.AITaskComponentTest" time="0.31"/>
  <testcase name="shouldNotRunNegativePriorityTask()" classname="com.csse3200.game.ai.tasks.AITaskComponentTest" time="0.011"/>
  <testcase name="shouldStopTaskOnDispose()" classname="com.csse3200.game.ai.tasks.AITaskComponentTest" time="0.012"/>
  <testcase name="shouldRunPriorityTask()" classname="com.csse3200.game.ai.tasks.AITaskComponentTest" time="0.039"/>
  <system-out><![CDATA[]]></system-out>
  <system-err><![CDATA[]]></system-err>
</testsuite>
