<?xml version="1.0" encoding="UTF-8"?>
<testsuite name="com.csse3200.game.components.RicochetComponentTest" tests="8" skipped="0" failures="0" errors="0" timestamp="2023-10-10T07:19:20" hostname="DESKTOP-F4ACIG8" time="0.758">
  <properties/>
  <testcase name="shouldNotSpawnAnotherProjWithMaxBounceCount()" classname="com.csse3200.game.components.RicochetComponentTest" time="0.153"/>
  <testcase name="shouldNotBeNull()" classname="com.csse3200.game.components.RicochetComponentTest" time="0.104"/>
  <testcase name="shouldNotSpawnAnotherProjOutOfMapBounds()" classname="com.csse3200.game.components.RicochetComponentTest" time="0.061"/>
  <testcase name="testNotWithinRangeShouldNotSpawnProjectile()" classname="com.csse3200.game.components.RicochetComponentTest" time="0.081"/>
  <testcase name="shouldDisposeAferCollision()" classname="com.csse3200.game.components.RicochetComponentTest" time="0.06"/>
  <testcase name="shouldSpawnAnotherProjWithinMapBounds()" classname="com.csse3200.game.components.RicochetComponentTest" time="0.086"/>
  <testcase name="testWithinRangeSpawnedProjectile()" classname="com.csse3200.game.components.RicochetComponentTest" time="0.087"/>
  <testcase name="shouldHaveRicochetComponent()" classname="com.csse3200.game.components.RicochetComponentTest" time="0.103"/>
  <system-out><![CDATA[]]></system-out>
  <system-err><![CDATA[]]></system-err>
</testsuite>
