<?xml version="1.0" encoding="UTF-8"?>
<testsuite name="com.csse3200.game.ui.terminal.TouchTerminalInputComponentTest" tests="3" skipped="0" failures="0" errors="0" timestamp="2023-10-10T07:19:49" hostname="DESKTOP-F4ACIG8" time="0.022">
  <properties/>
  <testcase name="shouldUpdateMessageOnKeyTyped()" classname="com.csse3200.game.ui.terminal.TouchTerminalInputComponentTest" time="0.008"/>
  <testcase name="shouldSetTerminalOpenClose()" classname="com.csse3200.game.ui.terminal.TouchTerminalInputComponentTest" time="0.009"/>
  <testcase name="shouldHandleMessageWhenTerminalOpen()" classname="com.csse3200.game.ui.terminal.TouchTerminalInputComponentTest" time="0.003"/>
  <system-out><![CDATA[]]></system-out>
  <system-err><![CDATA[]]></system-err>
</testsuite>
