<?xml version="1.0" encoding="UTF-8"?>
<testsuite name="com.csse3200.game.entities.EntityServiceTest" tests="4" skipped="0" failures="0" errors="0" timestamp="2023-10-10T07:19:27" hostname="DESKTOP-F4ACIG8" time="0.026">
  <properties/>
  <testcase name="shouldCreateEntity()" classname="com.csse3200.game.entities.EntityServiceTest" time="0.003"/>
  <testcase name="shouldNotUpdateUnregisteredEntities()" classname="com.csse3200.game.entities.EntityServiceTest" time="0.004"/>
  <testcase name="shouldDisposeEntities()" classname="com.csse3200.game.entities.EntityServiceTest" time="0.004"/>
  <testcase name="shouldUpdateEntities()" classname="com.csse3200.game.entities.EntityServiceTest" time="0.008"/>
  <system-out><![CDATA[]]></system-out>
  <system-err><![CDATA[]]></system-err>
</testsuite>
