<?xml version="1.0" encoding="UTF-8"?>
<testsuite name="com.csse3200.game.physics.PhysicsEngineTest" tests="6" skipped="0" failures="0" errors="0" timestamp="2023-10-10T07:19:45" hostname="DESKTOP-F4ACIG8" time="0.241">
  <properties/>
  <testcase name="shouldDisposeWorld()" classname="com.csse3200.game.physics.PhysicsEngineTest" time="0.194"/>
  <testcase name="shouldCreateJoint()" classname="com.csse3200.game.physics.PhysicsEngineTest" time="0.007"/>
  <testcase name="shouldCreateBody()" classname="com.csse3200.game.physics.PhysicsEngineTest" time="0.006"/>
  <testcase name="shouldStepMultipleAfterLongTime()" classname="com.csse3200.game.physics.PhysicsEngineTest" time="0.008"/>
  <testcase name="shouldStepOnceAfterTime()" classname="com.csse3200.game.physics.PhysicsEngineTest" time="0.01"/>
  <testcase name="shouldNotStepWithoutEnoughTime()" classname="com.csse3200.game.physics.PhysicsEngineTest" time="0.011"/>
  <system-out><![CDATA[]]></system-out>
  <system-err><![CDATA[]]></system-err>
</testsuite>
