<?xml version="1.0" encoding="UTF-8"?>
<testsuite name="com.csse3200.game.entities.EnemyTest" tests="2" skipped="0" failures="0" errors="0" timestamp="2023-10-10T07:19:27" hostname="DESKTOP-F4ACIG8" time="0.043">
  <properties/>
  <testcase name="idGeneration()" classname="com.csse3200.game.entities.EnemyTest" time="0.001"/>
  <testcase name="shouldCreateEnemy()" classname="com.csse3200.game.entities.EnemyTest" time="0.04"/>
  <system-out><![CDATA[]]></system-out>
  <system-err><![CDATA[]]></system-err>
</testsuite>
