<?xml version="1.0" encoding="UTF-8"?>
<testsuite name="com.csse3200.game.concurrency.JobSystemTest" tests="2" skipped="0" failures="0" errors="0" timestamp="2023-10-10T07:19:27" hostname="DESKTOP-F4ACIG8" time="0.026">
  <properties/>
  <testcase name="shouldRunBlockingTask()" classname="com.csse3200.game.concurrency.JobSystemTest" time="0.011"/>
  <testcase name="shouldRunTask()" classname="com.csse3200.game.concurrency.JobSystemTest" time="0.013"/>
  <system-out><![CDATA[]]></system-out>
  <system-err><![CDATA[]]></system-err>
</testsuite>
