<?xml version="1.0" encoding="UTF-8"?>
<testsuite name="com.csse3200.game.components.tasks.StunTowerCombatTaskTest" tests="3" skipped="0" failures="0" errors="0" timestamp="2023-10-10T07:19:25" hostname="DESKTOP-F4ACIG8" time="0.037">
  <properties/>
  <testcase name="testUpdateTowerStateWithTargetNotInRange()" classname="com.csse3200.game.components.tasks.StunTowerCombatTaskTest" time="0.017"/>
  <testcase name="testStartTriggersIdleEvent()" classname="com.csse3200.game.components.tasks.StunTowerCombatTaskTest" time="0.007"/>
  <testcase name="testUpdateTowerStateWithTargetInRange()" classname="com.csse3200.game.components.tasks.StunTowerCombatTaskTest" time="0.011"/>
  <system-out><![CDATA[]]></system-out>
  <system-err><![CDATA[]]></system-err>
</testsuite>
