<?xml version="1.0" encoding="UTF-8"?>
<testsuite name="com.csse3200.game.physics.PhysicsUtilsTest" tests="3" skipped="0" failures="0" errors="0" timestamp="2023-10-10T07:19:45" hostname="DESKTOP-F4ACIG8" time="0.006">
  <properties/>
  <testcase name="shouldScaleBigCollider()" classname="com.csse3200.game.physics.PhysicsUtilsTest" time="0.002"/>
  <testcase name="shouldScaleHalfCollider()" classname="com.csse3200.game.physics.PhysicsUtilsTest" time="0.001"/>
  <testcase name="shouldScaleFullCollider()" classname="com.csse3200.game.physics.PhysicsUtilsTest" time="0.001"/>
  <system-out><![CDATA[]]></system-out>
  <system-err><![CDATA[]]></system-err>
</testsuite>
