<?xml version="1.0" encoding="UTF-8"?>
<testsuite name="com.csse3200.game.components.tasks.human.HumanWanderTaskTest" tests="7" skipped="0" failures="0" errors="0" timestamp="2023-10-10T07:19:25" hostname="DESKTOP-F4ACIG8" time="0.475">
  <properties/>
  <testcase name="shouldStartCombat()" classname="com.csse3200.game.components.tasks.human.HumanWanderTaskTest" time="0.068"/>
  <testcase name="shouldStartMoving()" classname="com.csse3200.game.components.tasks.human.HumanWanderTaskTest" time="0.054"/>
  <testcase name="shouldSwapTask()" classname="com.csse3200.game.components.tasks.human.HumanWanderTaskTest" time="0.065"/>
  <testcase name="shouldStartWaiting()" classname="com.csse3200.game.components.tasks.human.HumanWanderTaskTest" time="0.062"/>
  <testcase name="update()" classname="com.csse3200.game.components.tasks.human.HumanWanderTaskTest" time="0.076"/>
  <testcase name="start()" classname="com.csse3200.game.components.tasks.human.HumanWanderTaskTest" time="0.066"/>
  <testcase name="getPriority()" classname="com.csse3200.game.components.tasks.human.HumanWanderTaskTest" time="0.071"/>
  <system-out><![CDATA[]]></system-out>
  <system-err><![CDATA[]]></system-err>
</testsuite>
