<?xml version="1.0" encoding="UTF-8"?>
<testsuite name="com.csse3200.game.rendering.RenderComponentTest" tests="4" skipped="0" failures="0" errors="0" timestamp="2023-10-10T07:19:47" hostname="DESKTOP-F4ACIG8" time="0.151">
  <properties/>
  <testcase name="shouldDrawOnRender()" classname="com.csse3200.game.rendering.RenderComponentTest" time="0.124"/>
  <testcase name="shouldUnregisterOnDispose()" classname="com.csse3200.game.rendering.RenderComponentTest" time="0.006"/>
  <testcase name="shouldRegisterSelf()" classname="com.csse3200.game.rendering.RenderComponentTest" time="0.004"/>
  <testcase name="shouldGiveCorrectRenderOrder()" classname="com.csse3200.game.rendering.RenderComponentTest" time="0.013"/>
  <system-out><![CDATA[]]></system-out>
  <system-err><![CDATA[]]></system-err>
</testsuite>
