<?xml version="1.0" encoding="UTF-8"?>
<testsuite name="com.csse3200.game.components.tasks.WaitTaskTest" tests="1" skipped="0" failures="0" errors="0" timestamp="2023-10-10T07:19:25" hostname="DESKTOP-F4ACIG8" time="0.014">
  <properties/>
  <testcase name="shouldWaitUntilTime()" classname="com.csse3200.game.components.tasks.WaitTaskTest" time="0.014"/>
  <system-out><![CDATA[]]></system-out>
  <system-err><![CDATA[]]></system-err>
</testsuite>
