<?xml version="1.0" encoding="UTF-8"?>
<testsuite name="com.csse3200.game.components.tower.StunTowerAnimationControllerTest" tests="3" skipped="0" failures="0" errors="0" timestamp="2023-10-10T07:19:26" hostname="DESKTOP-F4ACIG8" time="0.081">
  <properties/>
  <testcase name="testAnimateDefault()" classname="com.csse3200.game.components.tower.StunTowerAnimationControllerTest" time="0.035"/>
  <testcase name="testAnimateGoUp()" classname="com.csse3200.game.components.tower.StunTowerAnimationControllerTest" time="0.022"/>
  <testcase name="testAnimateWalk()" classname="com.csse3200.game.components.tower.StunTowerAnimationControllerTest" time="0.018"/>
  <system-out><![CDATA[]]></system-out>
  <system-err><![CDATA[]]></system-err>
</testsuite>
