<?xml version="1.0" encoding="UTF-8"?>
<testsuite name="com.csse3200.game.entities.factories.WaveFactoryTest" tests="5" skipped="0" failures="0" errors="0" timestamp="2023-10-10T07:19:42" hostname="DESKTOP-F4ACIG8" time="0.683">
  <properties/>
  <testcase name="testCreateLevel()" classname="com.csse3200.game.entities.factories.WaveFactoryTest" time="0.098"/>
  <testcase name="testLevel2Creation()" classname="com.csse3200.game.entities.factories.WaveFactoryTest" time="0.141"/>
  <testcase name="createBaseWaves()" classname="com.csse3200.game.entities.factories.WaveFactoryTest" time="0.157"/>
  <testcase name="testLevel1Creation()" classname="com.csse3200.game.entities.factories.WaveFactoryTest" time="0.154"/>
  <testcase name="testLevel3Creation()" classname="com.csse3200.game.entities.factories.WaveFactoryTest" time="0.126"/>
  <system-out><![CDATA[]]></system-out>
  <system-err><![CDATA[Oct 10, 2023 12:49:42 PM com.csse3200.game.entities.factories.WaveFactory createLevel
INFO: Level created: [Mob: SplittingWaterSlime Health: 61, Mob: SplittingWaterSlime Health: 61, Mob: WaterQueen Health: 61, Mob: WaterQueen Health: 61, Mob: WaterQueen Health: 61]
[Mob: Xeno Health: 62, Mob: Xeno Health: 62, Mob: Xeno Health: 62, Mob: Xeno Health: 62, Mob: WaterQueen Health: 62, Mob: WaterQueen Health: 62]
[Mob: Xeno Health: 63, Mob: SplittingWaterSlime Health: 63, Mob: SplittingWaterSlime Health: 63, Mob: Xeno Health: 63, Mob: SplittingWaterSlime Health: 63, Mob: SplittingWaterSlime Health: 63, Mob: SplittingWaterSlime Health: 63]
[Mob: SplittingWaterSlime Health: 64, Mob: SplittingWaterSlime Health: 64, Mob: SplittingWaterSlime Health: 64, Mob: WaterQueen Health: 64, Mob: SplittingWaterSlime Health: 64, Mob: WaterQueen Health: 64, Mob: SplittingWaterSlime Health: 64, Mob: SplittingWaterSlime Health: 64]
[Mob: Xeno Health: 65, Mob: Xeno Health: 65, Mob: Xeno Health: 65, Mob: Xeno Health: 65, Mob: IceBoss Health: 85, Mob: SplittingWaterSlime Health: 65, Mob: SplittingWaterSlime Health: 65, Mob: Xeno Health: 65, Mob: SplittingWaterSlime Health: 65, Mob: Xeno Health: 65]

Oct 10, 2023 12:49:42 PM com.csse3200.game.entities.factories.WaveFactory createLevel
INFO: Level created: [Mob: Xeno Health: 62, Mob: Xeno Health: 62, Mob: Xeno Health: 62, Mob: Xeno Health: 62, Mob: DeflectWizard Health: 62, Mob: DeflectWizard Health: 62]
[Mob: Skeleton Health: 64, Mob: Xeno Health: 64, Mob: Xeno Health: 64, Mob: Skeleton Health: 64, Mob: Skeleton Health: 64, Mob: Skeleton Health: 64, Mob: Skeleton Health: 64]
[Mob: Skeleton Health: 66, Mob: Skeleton Health: 66, Mob: Xeno Health: 66, Mob: Skeleton Health: 66, Mob: Skeleton Health: 66, Mob: Skeleton Health: 66, Mob: Xeno Health: 66, Mob: Skeleton Health: 66]
[Mob: Xeno Health: 68, Mob: Xeno Health: 68, Mob: Xeno Health: 68, Mob: Skeleton Health: 68, Mob: Skeleton Health: 68, Mob: Skeleton Health: 68, Mob: Xeno Health: 68, Mob: Xeno Health: 68, Mob: Xeno Health: 68]
[Mob: PatrickBoss Health: 90, Mob: Skeleton Health: 70, Mob: Skeleton Health: 70, Mob: Skeleton Health: 70, Mob: Skeleton Health: 70, Mob: Skeleton Health: 70, Mob: Skeleton Health: 70, Mob: DeflectWizard Health: 70, Mob: DeflectWizard Health: 70, Mob: Skeleton Health: 70, Mob: Skeleton Health: 70]
[Mob: Xeno Health: 72, Mob: Skeleton Health: 72, Mob: Skeleton Health: 72, Mob: Xeno Health: 72, Mob: Skeleton Health: 72, Mob: Xeno Health: 72, Mob: Skeleton Health: 72, Mob: Skeleton Health: 72, Mob: Xeno Health: 72, Mob: Skeleton Health: 72, Mob: Xeno Health: 72]
[Mob: Skeleton Health: 74, Mob: DeflectWizard Health: 74, Mob: DeflectWizard Health: 74, Mob: Skeleton Health: 74, Mob: Skeleton Health: 74, Mob: Skeleton Health: 74, Mob: Skeleton Health: 74, Mob: DeflectWizard Health: 74, Mob: Skeleton Health: 74, Mob: Skeleton Health: 74, Mob: Skeleton Health: 74, Mob: Skeleton Health: 74]
[Mob: DeflectWizard Health: 76, Mob: DeflectWizard Health: 76, Mob: Skeleton Health: 76, Mob: Skeleton Health: 76, Mob: Skeleton Health: 76, Mob: Skeleton Health: 76, Mob: Skeleton Health: 76, Mob: Skeleton Health: 76, Mob: Skeleton Health: 76, Mob: Skeleton Health: 76, Mob: Skeleton Health: 76, Mob: Skeleton Health: 76, Mob: Skeleton Health: 76]
[Mob: Xeno Health: 78, Mob: Xeno Health: 78, Mob: Xeno Health: 78, Mob: Skeleton Health: 78, Mob: Skeleton Health: 78, Mob: Skeleton Health: 78, Mob: Xeno Health: 78, Mob: Xeno Health: 78, Mob: Xeno Health: 78, Mob: Xeno Health: 78, Mob: Skeleton Health: 78, Mob: Xeno Health: 78, Mob: Skeleton Health: 78, Mob: Xeno Health: 78]
[Mob: Skeleton Health: 80, Mob: Xeno Health: 80, Mob: Skeleton Health: 80, Mob: PatrickBoss Health: 100, Mob: Xeno Health: 80, Mob: Skeleton Health: 80, Mob: Xeno Health: 80, Mob: Skeleton Health: 80, Mob: Xeno Health: 80, Mob: Xeno Health: 80, Mob: Skeleton Health: 80, Mob: Skeleton Health: 80, Mob: Skeleton Health: 80, Mob: Xeno Health: 80, Mob: PatrickBoss Health: 100, Mob: Xeno Health: 80, Mob: Xeno Health: 80]

Oct 10, 2023 12:49:42 PM com.csse3200.game.entities.factories.WaveFactory createLevel
INFO: Level created: [Mob: FireWorm Health: 63, Mob: FireWorm Health: 63, Mob: FireWorm Health: 63, Mob: FireWorm Health: 63, Mob: DodgingDragon Health: 63, Mob: DodgingDragon Health: 63, Mob: DodgingDragon Health: 63, Mob: DodgingDragon Health: 63]
[Mob: Xeno Health: 66, Mob: FireWorm Health: 66, Mob: FireWorm Health: 66, Mob: FireWorm Health: 66, Mob: Xeno Health: 66, Mob: Xeno Health: 66, Mob: Xeno Health: 66, Mob: FireWorm Health: 66, Mob: FireWorm Health: 66]
[Mob: Xeno Health: 69, Mob: DodgingDragon Health: 69, Mob: Xeno Health: 69, Mob: DodgingDragon Health: 69, Mob: Xeno Health: 69, Mob: DodgingDragon Health: 69, Mob: Xeno Health: 69, Mob: DodgingDragon Health: 69, Mob: DodgingDragon Health: 69, Mob: Xeno Health: 69]
[Mob: DodgingDragon Health: 72, Mob: Xeno Health: 72, Mob: Xeno Health: 72, Mob: DodgingDragon Health: 72, Mob: Xeno Health: 72, Mob: Xeno Health: 72, Mob: Xeno Health: 72, Mob: DodgingDragon Health: 72, Mob: Xeno Health: 72, Mob: DodgingDragon Health: 72, Mob: DodgingDragon Health: 72]
[Mob: FireWorm Health: 75, Mob: Xeno Health: 75, Mob: Xeno Health: 75, Mob: FireBoss Health: 95, Mob: FireWorm Health: 75, Mob: FireWorm Health: 75, Mob: FireWorm Health: 75, Mob: FireWorm Health: 75, Mob: Xeno Health: 75, Mob: Xeno Health: 75, Mob: FireWorm Health: 75, Mob: Xeno Health: 75, Mob: Xeno Health: 75]
[Mob: DodgingDragon Health: 78, Mob: DodgingDragon Health: 78, Mob: Xeno Health: 78, Mob: DodgingDragon Health: 78, Mob: DodgingDragon Health: 78, Mob: Xeno Health: 78, Mob: Xeno Health: 78, Mob: DodgingDragon Health: 78, Mob: Xeno Health: 78, Mob: DodgingDragon Health: 78, Mob: Xeno Health: 78, Mob: Xeno Health: 78, Mob: Xeno Health: 78]
[Mob: Xeno Health: 81, Mob: Xeno Health: 81, Mob: Xeno Health: 81, Mob: FireWorm Health: 81, Mob: Xeno Health: 81, Mob: Xeno Health: 81, Mob: Xeno Health: 81, Mob: FireWorm Health: 81, Mob: Xeno Health: 81, Mob: Xeno Health: 81, Mob: Xeno Health: 81, Mob: Xeno Health: 81, Mob: Xeno Health: 81, Mob: Xeno Health: 81]
[Mob: DodgingDragon Health: 84, Mob: FireWorm Health: 84, Mob: FireWorm Health: 84, Mob: DodgingDragon Health: 84, Mob: FireWorm Health: 84, Mob: FireWorm Health: 84, Mob: FireWorm Health: 84, Mob: FireWorm Health: 84, Mob: DodgingDragon Health: 84, Mob: DodgingDragon Health: 84, Mob: FireWorm Health: 84, Mob: FireWorm Health: 84, Mob: FireWorm Health: 84, Mob: DodgingDragon Health: 84, Mob: FireWorm Health: 84]
[Mob: DodgingDragon Health: 87, Mob: DodgingDragon Health: 87, Mob: Xeno Health: 87, Mob: Xeno Health: 87, Mob: Xeno Health: 87, Mob: DodgingDragon Health: 87, Mob: Xeno Health: 87, Mob: Xeno Health: 87, Mob: Xeno Health: 87, Mob: DodgingDragon Health: 87, Mob: Xeno Health: 87, Mob: DodgingDragon Health: 87, Mob: Xeno Health: 87, Mob: Xeno Health: 87, Mob: Xeno Health: 87, Mob: DodgingDragon Health: 87]
[Mob: DodgingDragon Health: 90, Mob: FireBoss Health: 110, Mob: DodgingDragon Health: 90, Mob: DodgingDragon Health: 90, Mob: Xeno Health: 90, Mob: DodgingDragon Health: 90, Mob: DodgingDragon Health: 90, Mob: Xeno Health: 90, Mob: DodgingDragon Health: 90, Mob: FireBoss Health: 110, Mob: DodgingDragon Health: 90, Mob: DodgingDragon Health: 90, Mob: Xeno Health: 90, Mob: Xeno Health: 90, Mob: Xeno Health: 90, Mob: DodgingDragon Health: 90, Mob: DodgingDragon Health: 90, Mob: Xeno Health: 90, Mob: DodgingDragon Health: 90]
[Mob: DodgingDragon Health: 93, Mob: Xeno Health: 93, Mob: Xeno Health: 93, Mob: Xeno Health: 93, Mob: Xeno Health: 93, Mob: Xeno Health: 93, Mob: Xeno Health: 93, Mob: Xeno Health: 93, Mob: Xeno Health: 93, Mob: Xeno Health: 93, Mob: Xeno Health: 93, Mob: DodgingDragon Health: 93, Mob: Xeno Health: 93, Mob: Xeno Health: 93, Mob: DodgingDragon Health: 93, Mob: Xeno Health: 93, Mob: Xeno Health: 93, Mob: Xeno Health: 93]
[Mob: DodgingDragon Health: 96, Mob: DodgingDragon Health: 96, Mob: DodgingDragon Health: 96, Mob: DodgingDragon Health: 96, Mob: Xeno Health: 96, Mob: DodgingDragon Health: 96, Mob: DodgingDragon Health: 96, Mob: Xeno Health: 96, Mob: DodgingDragon Health: 96, Mob: DodgingDragon Health: 96, Mob: DodgingDragon Health: 96, Mob: DodgingDragon Health: 96, Mob: DodgingDragon Health: 96, Mob: Xeno Health: 96, Mob: DodgingDragon Health: 96, Mob: Xeno Health: 96, Mob: DodgingDragon Health: 96, Mob: Xeno Health: 96, Mob: Xeno Health: 96]
[Mob: FireWorm Health: 99, Mob: Xeno Health: 99, Mob: FireWorm Health: 99, Mob: FireWorm Health: 99, Mob: Xeno Health: 99, Mob: Xeno Health: 99, Mob: FireWorm Health: 99, Mob: FireWorm Health: 99, Mob: FireWorm Health: 99, Mob: Xeno Health: 99, Mob: FireWorm Health: 99, Mob: FireWorm Health: 99, Mob: Xeno Health: 99, Mob: Xeno Health: 99, Mob: FireWorm Health: 99, Mob: Xeno Health: 99, Mob: Xeno Health: 99, Mob: Xeno Health: 99, Mob: FireWorm Health: 99, Mob: Xeno Health: 99]
[Mob: FireWorm Health: 102, Mob: FireWorm Health: 102, Mob: FireWorm Health: 102, Mob: FireWorm Health: 102, Mob: DodgingDragon Health: 102, Mob: FireWorm Health: 102, Mob: DodgingDragon Health: 102, Mob: DodgingDragon Health: 102, Mob: FireWorm Health: 102, Mob: FireWorm Health: 102, Mob: FireWorm Health: 102, Mob: FireWorm Health: 102, Mob: FireWorm Health: 102, Mob: FireWorm Health: 102, Mob: FireWorm Health: 102, Mob: FireWorm Health: 102, Mob: DodgingDragon Health: 102, Mob: FireWorm Health: 102, Mob: DodgingDragon Health: 102, Mob: FireWorm Health: 102, Mob: FireWorm Health: 102]
[Mob: Xeno Health: 105, Mob: Xeno Health: 105, Mob: DodgingDragon Health: 105, Mob: Xeno Health: 105, Mob: FireBoss Health: 125, Mob: FireBoss Health: 125, Mob: DodgingDragon Health: 105, Mob: DodgingDragon Health: 105, Mob: Xeno Health: 105, Mob: Xeno Health: 105, Mob: Xeno Health: 105, Mob: Xeno Health: 105, Mob: Xeno Health: 105, Mob: Xeno Health: 105, Mob: Xeno Health: 105, Mob: DodgingDragon Health: 105, Mob: Xeno Health: 105, Mob: Xeno Health: 105, Mob: DodgingDragon Health: 105, Mob: Xeno Health: 105, Mob: DodgingDragon Health: 105, Mob: Xeno Health: 105, Mob: DodgingDragon Health: 105, Mob: Xeno Health: 105, Mob: FireBoss Health: 125]

Oct 10, 2023 12:49:42 PM com.csse3200.game.entities.factories.WaveFactory createLevel
INFO: Level created: [Mob: WaterQueen Health: 61, Mob: SplittingWaterSlime Health: 61, Mob: WaterQueen Health: 61, Mob: SplittingWaterSlime Health: 61, Mob: SplittingWaterSlime Health: 61]
[Mob: Xeno Health: 62, Mob: SplittingWaterSlime Health: 62, Mob: SplittingWaterSlime Health: 62, Mob: Xeno Health: 62, Mob: Xeno Health: 62, Mob: SplittingWaterSlime Health: 62]
[Mob: WaterQueen Health: 63, Mob: Xeno Health: 63, Mob: Xeno Health: 63, Mob: Xeno Health: 63, Mob: Xeno Health: 63, Mob: WaterQueen Health: 63, Mob: Xeno Health: 63]
[Mob: WaterQueen Health: 64, Mob: Xeno Health: 64, Mob: WaterQueen Health: 64, Mob: Xeno Health: 64, Mob: WaterQueen Health: 64, Mob: Xeno Health: 64, Mob: Xeno Health: 64, Mob: Xeno Health: 64]
[Mob: Xeno Health: 65, Mob: SplittingWaterSlime Health: 65, Mob: Xeno Health: 65, Mob: IceBoss Health: 85, Mob: Xeno Health: 65, Mob: SplittingWaterSlime Health: 65, Mob: SplittingWaterSlime Health: 65, Mob: Xeno Health: 65, Mob: Xeno Health: 65, Mob: Xeno Health: 65]

Oct 10, 2023 12:49:42 PM com.csse3200.game.entities.factories.WaveFactory createLevel
INFO: Level created: [Mob: Skeleton Health: 62, Mob: Xeno Health: 62, Mob: Xeno Health: 62, Mob: Skeleton Health: 62, Mob: Xeno Health: 62, Mob: Skeleton Health: 62]
[Mob: Xeno Health: 64, Mob: Xeno Health: 64, Mob: Xeno Health: 64, Mob: Xeno Health: 64, Mob: DeflectWizard Health: 64, Mob: DeflectWizard Health: 64, Mob: Xeno Health: 64]
[Mob: Xeno Health: 66, Mob: Xeno Health: 66, Mob: DeflectWizard Health: 66, Mob: Xeno Health: 66, Mob: Xeno Health: 66, Mob: Xeno Health: 66, Mob: Xeno Health: 66, Mob: DeflectWizard Health: 66]
[Mob: Skeleton Health: 68, Mob: DeflectWizard Health: 68, Mob: Skeleton Health: 68, Mob: DeflectWizard Health: 68, Mob: DeflectWizard Health: 68, Mob: Skeleton Health: 68, Mob: Skeleton Health: 68, Mob: Skeleton Health: 68, Mob: Skeleton Health: 68]
[Mob: Skeleton Health: 70, Mob: PatrickBoss Health: 90, Mob: DeflectWizard Health: 70, Mob: Skeleton Health: 70, Mob: Skeleton Health: 70, Mob: DeflectWizard Health: 70, Mob: DeflectWizard Health: 70, Mob: DeflectWizard Health: 70, Mob: DeflectWizard Health: 70, Mob: Skeleton Health: 70, Mob: Skeleton Health: 70]
[Mob: Skeleton Health: 72, Mob: Xeno Health: 72, Mob: Xeno Health: 72, Mob: Xeno Health: 72, Mob: Xeno Health: 72, Mob: Skeleton Health: 72, Mob: Skeleton Health: 72, Mob: Xeno Health: 72, Mob: Skeleton Health: 72, Mob: Xeno Health: 72, Mob: Skeleton Health: 72]
[Mob: Xeno Health: 74, Mob: Xeno Health: 74, Mob: Xeno Health: 74, Mob: Xeno Health: 74, Mob: Xeno Health: 74, Mob: Xeno Health: 74, Mob: Skeleton Health: 74, Mob: Skeleton Health: 74, Mob: Xeno Health: 74, Mob: Xeno Health: 74, Mob: Xeno Health: 74, Mob: Xeno Health: 74]
[Mob: Xeno Health: 76, Mob: DeflectWizard Health: 76, Mob: DeflectWizard Health: 76, Mob: Xeno Health: 76, Mob: DeflectWizard Health: 76, Mob: Xeno Health: 76, Mob: DeflectWizard Health: 76, Mob: Xeno Health: 76, Mob: Xeno Health: 76, Mob: DeflectWizard Health: 76, Mob: DeflectWizard Health: 76, Mob: Xeno Health: 76, Mob: DeflectWizard Health: 76]
[Mob: Xeno Health: 78, Mob: DeflectWizard Health: 78, Mob: DeflectWizard Health: 78, Mob: DeflectWizard Health: 78, Mob: DeflectWizard Health: 78, Mob: DeflectWizard Health: 78, Mob: DeflectWizard Health: 78, Mob: Xeno Health: 78, Mob: Xeno Health: 78, Mob: DeflectWizard Health: 78, Mob: DeflectWizard Health: 78, Mob: DeflectWizard Health: 78, Mob: Xeno Health: 78, Mob: DeflectWizard Health: 78]
[Mob: Xeno Health: 80, Mob: Xeno Health: 80, Mob: Skeleton Health: 80, Mob: Skeleton Health: 80, Mob: Xeno Health: 80, Mob: Xeno Health: 80, Mob: Xeno Health: 80, Mob: Skeleton Health: 80, Mob: PatrickBoss Health: 100, Mob: PatrickBoss Health: 100, Mob: Xeno Health: 80, Mob: Xeno Health: 80, Mob: Xeno Health: 80, Mob: Skeleton Health: 80, Mob: Xeno Health: 80, Mob: Xeno Health: 80, Mob: Xeno Health: 80]

Oct 10, 2023 12:49:42 PM com.csse3200.game.entities.factories.WaveFactory createLevel
INFO: Level created: [Mob: FireWorm Health: 63, Mob: Xeno Health: 63, Mob: Xeno Health: 63, Mob: Xeno Health: 63, Mob: Xeno Health: 63, Mob: Xeno Health: 63, Mob: FireWorm Health: 63, Mob: Xeno Health: 63]
[Mob: FireWorm Health: 66, Mob: FireWorm Health: 66, Mob: FireWorm Health: 66, Mob: FireWorm Health: 66, Mob: Xeno Health: 66, Mob: FireWorm Health: 66, Mob: Xeno Health: 66, Mob: Xeno Health: 66, Mob: FireWorm Health: 66]
[Mob: DodgingDragon Health: 69, Mob: FireWorm Health: 69, Mob: DodgingDragon Health: 69, Mob: FireWorm Health: 69, Mob: DodgingDragon Health: 69, Mob: DodgingDragon Health: 69, Mob: FireWorm Health: 69, Mob: DodgingDragon Health: 69, Mob: FireWorm Health: 69, Mob: DodgingDragon Health: 69]
[Mob: FireWorm Health: 72, Mob: FireWorm Health: 72, Mob: DodgingDragon Health: 72, Mob: FireWorm Health: 72, Mob: DodgingDragon Health: 72, Mob: DodgingDragon Health: 72, Mob: DodgingDragon Health: 72, Mob: DodgingDragon Health: 72, Mob: FireWorm Health: 72, Mob: FireWorm Health: 72, Mob: FireWorm Health: 72]
[Mob: DodgingDragon Health: 75, Mob: FireWorm Health: 75, Mob: DodgingDragon Health: 75, Mob: FireWorm Health: 75, Mob: DodgingDragon Health: 75, Mob: DodgingDragon Health: 75, Mob: FireWorm Health: 75, Mob: FireBoss Health: 95, Mob: FireWorm Health: 75, Mob: FireWorm Health: 75, Mob: DodgingDragon Health: 75, Mob: DodgingDragon Health: 75, Mob: DodgingDragon Health: 75]
[Mob: FireWorm Health: 78, Mob: FireWorm Health: 78, Mob: FireWorm Health: 78, Mob: FireWorm Health: 78, Mob: DodgingDragon Health: 78, Mob: DodgingDragon Health: 78, Mob: FireWorm Health: 78, Mob: FireWorm Health: 78, Mob: DodgingDragon Health: 78, Mob: FireWorm Health: 78, Mob: DodgingDragon Health: 78, Mob: FireWorm Health: 78, Mob: DodgingDragon Health: 78]
[Mob: FireWorm Health: 81, Mob: FireWorm Health: 81, Mob: Xeno Health: 81, Mob: FireWorm Health: 81, Mob: FireWorm Health: 81, Mob: FireWorm Health: 81, Mob: FireWorm Health: 81, Mob: Xeno Health: 81, Mob: FireWorm Health: 81, Mob: FireWorm Health: 81, Mob: FireWorm Health: 81, Mob: FireWorm Health: 81, Mob: FireWorm Health: 81, Mob: FireWorm Health: 81]
[Mob: Xeno Health: 84, Mob: Xeno Health: 84, Mob: FireWorm Health: 84, Mob: FireWorm Health: 84, Mob: FireWorm Health: 84, Mob: Xeno Health: 84, Mob: FireWorm Health: 84, Mob: Xeno Health: 84, Mob: FireWorm Health: 84, Mob: FireWorm Health: 84, Mob: FireWorm Health: 84, Mob: FireWorm Health: 84, Mob: FireWorm Health: 84, Mob: Xeno Health: 84, Mob: Xeno Health: 84]
[Mob: DodgingDragon Health: 87, Mob: DodgingDragon Health: 87, Mob: FireWorm Health: 87, Mob: DodgingDragon Health: 87, Mob: DodgingDragon Health: 87, Mob: DodgingDragon Health: 87, Mob: DodgingDragon Health: 87, Mob: DodgingDragon Health: 87, Mob: DodgingDragon Health: 87, Mob: FireWorm Health: 87, Mob: DodgingDragon Health: 87, Mob: DodgingDragon Health: 87, Mob: DodgingDragon Health: 87, Mob: DodgingDragon Health: 87, Mob: DodgingDragon Health: 87, Mob: DodgingDragon Health: 87]
[Mob: DodgingDragon Health: 90, Mob: DodgingDragon Health: 90, Mob: DodgingDragon Health: 90, Mob: FireBoss Health: 110, Mob: DodgingDragon Health: 90, Mob: DodgingDragon Health: 90, Mob: Xeno Health: 90, Mob: Xeno Health: 90, Mob: DodgingDragon Health: 90, Mob: DodgingDragon Health: 90, Mob: Xeno Health: 90, Mob: DodgingDragon Health: 90, Mob: DodgingDragon Health: 90, Mob: DodgingDragon Health: 90, Mob: Xeno Health: 90, Mob: DodgingDragon Health: 90, Mob: FireBoss Health: 110, Mob: Xeno Health: 90, Mob: Xeno Health: 90]
[Mob: FireWorm Health: 93, Mob: FireWorm Health: 93, Mob: FireWorm Health: 93, Mob: FireWorm Health: 93, Mob: FireWorm Health: 93, Mob: Xeno Health: 93, Mob: Xeno Health: 93, Mob: FireWorm Health: 93, Mob: FireWorm Health: 93, Mob: Xeno Health: 93, Mob: FireWorm Health: 93, Mob: FireWorm Health: 93, Mob: FireWorm Health: 93, Mob: FireWorm Health: 93, Mob: Xeno Health: 93, Mob: Xeno Health: 93, Mob: FireWorm Health: 93, Mob: FireWorm Health: 93]
[Mob: FireWorm Health: 96, Mob: FireWorm Health: 96, Mob: Xeno Health: 96, Mob: Xeno Health: 96, Mob: Xeno Health: 96, Mob: FireWorm Health: 96, Mob: Xeno Health: 96, Mob: FireWorm Health: 96, Mob: Xeno Health: 96, Mob: Xeno Health: 96, Mob: Xeno Health: 96, Mob: Xeno Health: 96, Mob: FireWorm Health: 96, Mob: Xeno Health: 96, Mob: FireWorm Health: 96, Mob: Xeno Health: 96, Mob: FireWorm Health: 96, Mob: FireWorm Health: 96, Mob: Xeno Health: 96]
[Mob: Xeno Health: 99, Mob: Xeno Health: 99, Mob: Xeno Health: 99, Mob: Xeno Health: 99, Mob: Xeno Health: 99, Mob: Xeno Health: 99, Mob: Xeno Health: 99, Mob: Xeno Health: 99, Mob: Xeno Health: 99, Mob: FireWorm Health: 99, Mob: Xeno Health: 99, Mob: Xeno Health: 99, Mob: FireWorm Health: 99, Mob: Xeno Health: 99, Mob: Xeno Health: 99, Mob: Xeno Health: 99, Mob: Xeno Health: 99, Mob: Xeno Health: 99, Mob: Xeno Health: 99, Mob: Xeno Health: 99]
[Mob: DodgingDragon Health: 102, Mob: DodgingDragon Health: 102, Mob: Xeno Health: 102, Mob: DodgingDragon Health: 102, Mob: DodgingDragon Health: 102, Mob: DodgingDragon Health: 102, Mob: DodgingDragon Health: 102, Mob: DodgingDragon Health: 102, Mob: DodgingDragon Health: 102, Mob: DodgingDragon Health: 102, Mob: DodgingDragon Health: 102, Mob: DodgingDragon Health: 102, Mob: DodgingDragon Health: 102, Mob: DodgingDragon Health: 102, Mob: DodgingDragon Health: 102, Mob: Xeno Health: 102, Mob: DodgingDragon Health: 102, Mob: DodgingDragon Health: 102, Mob: DodgingDragon Health: 102, Mob: DodgingDragon Health: 102, Mob: DodgingDragon Health: 102]
[Mob: FireBoss Health: 125, Mob: DodgingDragon Health: 105, Mob: DodgingDragon Health: 105, Mob: DodgingDragon Health: 105, Mob: DodgingDragon Health: 105, Mob: FireBoss Health: 125, Mob: DodgingDragon Health: 105, Mob: DodgingDragon Health: 105, Mob: FireWorm Health: 105, Mob: DodgingDragon Health: 105, Mob: DodgingDragon Health: 105, Mob: DodgingDragon Health: 105, Mob: DodgingDragon Health: 105, Mob: DodgingDragon Health: 105, Mob: DodgingDragon Health: 105, Mob: DodgingDragon Health: 105, Mob: FireBoss Health: 125, Mob: DodgingDragon Health: 105, Mob: DodgingDragon Health: 105, Mob: FireWorm Health: 105, Mob: DodgingDragon Health: 105, Mob: DodgingDragon Health: 105, Mob: DodgingDragon Health: 105, Mob: FireWorm Health: 105, Mob: DodgingDragon Health: 105]

Oct 10, 2023 12:49:42 PM com.csse3200.game.entities.factories.WaveFactory createLevel
INFO: Level created: [Mob: WaterQueen Health: 61, Mob: WaterQueen Health: 61, Mob: Xeno Health: 61, Mob: Xeno Health: 61, Mob: Xeno Health: 61]
[Mob: Xeno Health: 62, Mob: Xeno Health: 62, Mob: Xeno Health: 62, Mob: SplittingWaterSlime Health: 62, Mob: Xeno Health: 62, Mob: SplittingWaterSlime Health: 62]
[Mob: Xeno Health: 63, Mob: SplittingWaterSlime Health: 63, Mob: SplittingWaterSlime Health: 63, Mob: Xeno Health: 63, Mob: SplittingWaterSlime Health: 63, Mob: SplittingWaterSlime Health: 63, Mob: SplittingWaterSlime Health: 63]
[Mob: SplittingWaterSlime Health: 64, Mob: SplittingWaterSlime Health: 64, Mob: Xeno Health: 64, Mob: Xeno Health: 64, Mob: SplittingWaterSlime Health: 64, Mob: Xeno Health: 64, Mob: Xeno Health: 64, Mob: Xeno Health: 64]
[Mob: WaterQueen Health: 65, Mob: IceBoss Health: 85, Mob: Xeno Health: 65, Mob: Xeno Health: 65, Mob: WaterQueen Health: 65, Mob: Xeno Health: 65, Mob: Xeno Health: 65, Mob: WaterQueen Health: 65, Mob: WaterQueen Health: 65, Mob: Xeno Health: 65]

Oct 10, 2023 12:49:42 PM com.csse3200.game.entities.factories.WaveFactory createLevel
INFO: Level created: [Mob: Skeleton Health: 62, Mob: Skeleton Health: 62, Mob: Skeleton Health: 62, Mob: Skeleton Health: 62, Mob: DeflectWizard Health: 62, Mob: DeflectWizard Health: 62]
[Mob: Skeleton Health: 64, Mob: Skeleton Health: 64, Mob: Xeno Health: 64, Mob: Skeleton Health: 64, Mob: Xeno Health: 64, Mob: Xeno Health: 64, Mob: Xeno Health: 64]
[Mob: DeflectWizard Health: 66, Mob: DeflectWizard Health: 66, Mob: DeflectWizard Health: 66, Mob: DeflectWizard Health: 66, Mob: Skeleton Health: 66, Mob: Skeleton Health: 66, Mob: Skeleton Health: 66, Mob: Skeleton Health: 66]
[Mob: Skeleton Health: 68, Mob: DeflectWizard Health: 68, Mob: Skeleton Health: 68, Mob: Skeleton Health: 68, Mob: Skeleton Health: 68, Mob: DeflectWizard Health: 68, Mob: Skeleton Health: 68, Mob: Skeleton Health: 68, Mob: DeflectWizard Health: 68]
[Mob: DeflectWizard Health: 70, Mob: Skeleton Health: 70, Mob: DeflectWizard Health: 70, Mob: DeflectWizard Health: 70, Mob: DeflectWizard Health: 70, Mob: PatrickBoss Health: 90, Mob: DeflectWizard Health: 70, Mob: DeflectWizard Health: 70, Mob: DeflectWizard Health: 70, Mob: Skeleton Health: 70, Mob: DeflectWizard Health: 70]
[Mob: Skeleton Health: 72, Mob: DeflectWizard Health: 72, Mob: Skeleton Health: 72, Mob: Skeleton Health: 72, Mob: Skeleton Health: 72, Mob: DeflectWizard Health: 72, Mob: Skeleton Health: 72, Mob: Skeleton Health: 72, Mob: Skeleton Health: 72, Mob: Skeleton Health: 72, Mob: Skeleton Health: 72]
[Mob: Xeno Health: 74, Mob: Skeleton Health: 74, Mob: Skeleton Health: 74, Mob: Xeno Health: 74, Mob: Xeno Health: 74, Mob: Xeno Health: 74, Mob: Skeleton Health: 74, Mob: Skeleton Health: 74, Mob: Xeno Health: 74, Mob: Skeleton Health: 74, Mob: Skeleton Health: 74, Mob: Skeleton Health: 74]
[Mob: Xeno Health: 76, Mob: Xeno Health: 76, Mob: DeflectWizard Health: 76, Mob: DeflectWizard Health: 76, Mob: Xeno Health: 76, Mob: DeflectWizard Health: 76, Mob: DeflectWizard Health: 76, Mob: DeflectWizard Health: 76, Mob: Xeno Health: 76, Mob: Xeno Health: 76, Mob: Xeno Health: 76, Mob: Xeno Health: 76, Mob: Xeno Health: 76]
[Mob: Skeleton Health: 78, Mob: Skeleton Health: 78, Mob: Skeleton Health: 78, Mob: Skeleton Health: 78, Mob: Xeno Health: 78, Mob: Skeleton Health: 78, Mob: Skeleton Health: 78, Mob: Skeleton Health: 78, Mob: Skeleton Health: 78, Mob: Xeno Health: 78, Mob: Xeno Health: 78, Mob: Skeleton Health: 78, Mob: Skeleton Health: 78, Mob: Skeleton Health: 78]
[Mob: Skeleton Health: 80, Mob: Skeleton Health: 80, Mob: Skeleton Health: 80, Mob: Skeleton Health: 80, Mob: PatrickBoss Health: 100, Mob: PatrickBoss Health: 100, Mob: Xeno Health: 80, Mob: Skeleton Health: 80, Mob: Xeno Health: 80, Mob: Xeno Health: 80, Mob: Xeno Health: 80, Mob: Skeleton Health: 80, Mob: Skeleton Health: 80, Mob: Skeleton Health: 80, Mob: Skeleton Health: 80, Mob: Skeleton Health: 80, Mob: Skeleton Health: 80]

Oct 10, 2023 12:49:42 PM com.csse3200.game.entities.factories.WaveFactory createLevel
INFO: Level created: [Mob: DodgingDragon Health: 63, Mob: FireWorm Health: 63, Mob: DodgingDragon Health: 63, Mob: FireWorm Health: 63, Mob: DodgingDragon Health: 63, Mob: FireWorm Health: 63, Mob: DodgingDragon Health: 63, Mob: DodgingDragon Health: 63]
[Mob: FireWorm Health: 66, Mob: FireWorm Health: 66, Mob: FireWorm Health: 66, Mob: FireWorm Health: 66, Mob: FireWorm Health: 66, Mob: Xeno Health: 66, Mob: FireWorm Health: 66, Mob: Xeno Health: 66, Mob: FireWorm Health: 66]
[Mob: Xeno Health: 69, Mob: Xeno Health: 69, Mob: Xeno Health: 69, Mob: FireWorm Health: 69, Mob: Xeno Health: 69, Mob: FireWorm Health: 69, Mob: FireWorm Health: 69, Mob: FireWorm Health: 69, Mob: FireWorm Health: 69, Mob: Xeno Health: 69]
[Mob: FireWorm Health: 72, Mob: Xeno Health: 72, Mob: FireWorm Health: 72, Mob: FireWorm Health: 72, Mob: Xeno Health: 72, Mob: FireWorm Health: 72, Mob: FireWorm Health: 72, Mob: Xeno Health: 72, Mob: Xeno Health: 72, Mob: Xeno Health: 72, Mob: Xeno Health: 72]
[Mob: Xeno Health: 75, Mob: Xeno Health: 75, Mob: Xeno Health: 75, Mob: DodgingDragon Health: 75, Mob: FireBoss Health: 95, Mob: DodgingDragon Health: 75, Mob: Xeno Health: 75, Mob: Xeno Health: 75, Mob: Xeno Health: 75, Mob: Xeno Health: 75, Mob: DodgingDragon Health: 75, Mob: Xeno Health: 75, Mob: Xeno Health: 75]
[Mob: FireWorm Health: 78, Mob: DodgingDragon Health: 78, Mob: DodgingDragon Health: 78, Mob: DodgingDragon Health: 78, Mob: DodgingDragon Health: 78, Mob: DodgingDragon Health: 78, Mob: FireWorm Health: 78, Mob: DodgingDragon Health: 78, Mob: DodgingDragon Health: 78, Mob: DodgingDragon Health: 78, Mob: DodgingDragon Health: 78, Mob: DodgingDragon Health: 78, Mob: DodgingDragon Health: 78]
[Mob: DodgingDragon Health: 81, Mob: FireWorm Health: 81, Mob: FireWorm Health: 81, Mob: FireWorm Health: 81, Mob: FireWorm Health: 81, Mob: FireWorm Health: 81, Mob: DodgingDragon Health: 81, Mob: FireWorm Health: 81, Mob: FireWorm Health: 81, Mob: FireWorm Health: 81, Mob: DodgingDragon Health: 81, Mob: DodgingDragon Health: 81, Mob: DodgingDragon Health: 81, Mob: FireWorm Health: 81]
[Mob: DodgingDragon Health: 84, Mob: DodgingDragon Health: 84, Mob: DodgingDragon Health: 84, Mob: DodgingDragon Health: 84, Mob: FireWorm Health: 84, Mob: DodgingDragon Health: 84, Mob: DodgingDragon Health: 84, Mob: DodgingDragon Health: 84, Mob: DodgingDragon Health: 84, Mob: FireWorm Health: 84, Mob: DodgingDragon Health: 84, Mob: DodgingDragon Health: 84, Mob: DodgingDragon Health: 84, Mob: DodgingDragon Health: 84, Mob: DodgingDragon Health: 84]
[Mob: Xeno Health: 87, Mob: DodgingDragon Health: 87, Mob: Xeno Health: 87, Mob: Xeno Health: 87, Mob: DodgingDragon Health: 87, Mob: Xeno Health: 87, Mob: Xeno Health: 87, Mob: Xeno Health: 87, Mob: Xeno Health: 87, Mob: Xeno Health: 87, Mob: DodgingDragon Health: 87, Mob: Xeno Health: 87, Mob: DodgingDragon Health: 87, Mob: Xeno Health: 87, Mob: DodgingDragon Health: 87, Mob: Xeno Health: 87]
[Mob: DodgingDragon Health: 90, Mob: DodgingDragon Health: 90, Mob: FireWorm Health: 90, Mob: DodgingDragon Health: 90, Mob: DodgingDragon Health: 90, Mob: DodgingDragon Health: 90, Mob: DodgingDragon Health: 90, Mob: DodgingDragon Health: 90, Mob: FireBoss Health: 110, Mob: FireBoss Health: 110, Mob: FireWorm Health: 90, Mob: DodgingDragon Health: 90, Mob: DodgingDragon Health: 90, Mob: FireWorm Health: 90, Mob: FireWorm Health: 90, Mob: FireWorm Health: 90, Mob: FireWorm Health: 90, Mob: FireWorm Health: 90, Mob: DodgingDragon Health: 90]
[Mob: DodgingDragon Health: 93, Mob: DodgingDragon Health: 93, Mob: DodgingDragon Health: 93, Mob: Xeno Health: 93, Mob: DodgingDragon Health: 93, Mob: DodgingDragon Health: 93, Mob: Xeno Health: 93, Mob: DodgingDragon Health: 93, Mob: DodgingDragon Health: 93, Mob: DodgingDragon Health: 93, Mob: DodgingDragon Health: 93, Mob: Xeno Health: 93, Mob: DodgingDragon Health: 93, Mob: DodgingDragon Health: 93, Mob: Xeno Health: 93, Mob: Xeno Health: 93, Mob: DodgingDragon Health: 93, Mob: DodgingDragon Health: 93]
[Mob: DodgingDragon Health: 96, Mob: DodgingDragon Health: 96, Mob: DodgingDragon Health: 96, Mob: FireWorm Health: 96, Mob: FireWorm Health: 96, Mob: DodgingDragon Health: 96, Mob: DodgingDragon Health: 96, Mob: DodgingDragon Health: 96, Mob: DodgingDragon Health: 96, Mob: DodgingDragon Health: 96, Mob: DodgingDragon Health: 96, Mob: DodgingDragon Health: 96, Mob: DodgingDragon Health: 96, Mob: DodgingDragon Health: 96, Mob: DodgingDragon Health: 96, Mob: DodgingDragon Health: 96, Mob: DodgingDragon Health: 96, Mob: DodgingDragon Health: 96, Mob: FireWorm Health: 96]
[Mob: DodgingDragon Health: 99, Mob: Xeno Health: 99, Mob: DodgingDragon Health: 99, Mob: DodgingDragon Health: 99, Mob: Xeno Health: 99, Mob: DodgingDragon Health: 99, Mob: DodgingDragon Health: 99, Mob: DodgingDragon Health: 99, Mob: Xeno Health: 99, Mob: DodgingDragon Health: 99, Mob: Xeno Health: 99, Mob: DodgingDragon Health: 99, Mob: Xeno Health: 99, Mob: DodgingDragon Health: 99, Mob: Xeno Health: 99, Mob: Xeno Health: 99, Mob: DodgingDragon Health: 99, Mob: Xeno Health: 99, Mob: DodgingDragon Health: 99, Mob: Xeno Health: 99]
[Mob: FireWorm Health: 102, Mob: FireWorm Health: 102, Mob: FireWorm Health: 102, Mob: FireWorm Health: 102, Mob: DodgingDragon Health: 102, Mob: DodgingDragon Health: 102, Mob: DodgingDragon Health: 102, Mob: FireWorm Health: 102, Mob: DodgingDragon Health: 102, Mob: FireWorm Health: 102, Mob: FireWorm Health: 102, Mob: DodgingDragon Health: 102, Mob: FireWorm Health: 102, Mob: FireWorm Health: 102, Mob: FireWorm Health: 102, Mob: FireWorm Health: 102, Mob: FireWorm Health: 102, Mob: FireWorm Health: 102, Mob: DodgingDragon Health: 102, Mob: FireWorm Health: 102, Mob: DodgingDragon Health: 102]
[Mob: DodgingDragon Health: 105, Mob: DodgingDragon Health: 105, Mob: Xeno Health: 105, Mob: Xeno Health: 105, Mob: Xeno Health: 105, Mob: Xeno Health: 105, Mob: FireBoss Health: 125, Mob: FireBoss Health: 125, Mob: Xeno Health: 105, Mob: DodgingDragon Health: 105, Mob: DodgingDragon Health: 105, Mob: Xeno Health: 105, Mob: Xeno Health: 105, Mob: Xeno Health: 105, Mob: Xeno Health: 105, Mob: DodgingDragon Health: 105, Mob: Xeno Health: 105, Mob: DodgingDragon Health: 105, Mob: FireBoss Health: 125, Mob: Xeno Health: 105, Mob: DodgingDragon Health: 105, Mob: DodgingDragon Health: 105, Mob: Xeno Health: 105, Mob: DodgingDragon Health: 105, Mob: DodgingDragon Health: 105]

Oct 10, 2023 12:49:42 PM com.csse3200.game.entities.factories.WaveFactory createLevel
INFO: Level created: [Mob: Skeleton Health: 62, Mob: Skeleton Health: 62, Mob: Xeno Health: 62, Mob: Xeno Health: 62, Mob: Skeleton Health: 62, Mob: Skeleton Health: 62]
[Mob: Skeleton Health: 64, Mob: Skeleton Health: 64, Mob: Xeno Health: 64, Mob: Xeno Health: 64, Mob: Xeno Health: 64, Mob: Skeleton Health: 64, Mob: Skeleton Health: 64]
[Mob: Xeno Health: 66, Mob: Xeno Health: 66, Mob: Skeleton Health: 66, Mob: Skeleton Health: 66, Mob: Skeleton Health: 66, Mob: Skeleton Health: 66, Mob: Skeleton Health: 66, Mob: Skeleton Health: 66]
[Mob: DeflectWizard Health: 68, Mob: Skeleton Health: 68, Mob: DeflectWizard Health: 68, Mob: Skeleton Health: 68, Mob: DeflectWizard Health: 68, Mob: DeflectWizard Health: 68, Mob: Skeleton Health: 68, Mob: DeflectWizard Health: 68, Mob: Skeleton Health: 68]
[Mob: DeflectWizard Health: 70, Mob: DeflectWizard Health: 70, Mob: DeflectWizard Health: 70, Mob: DeflectWizard Health: 70, Mob: Skeleton Health: 70, Mob: PatrickBoss Health: 90, Mob: Skeleton Health: 70, Mob: DeflectWizard Health: 70, Mob: DeflectWizard Health: 70, Mob: Skeleton Health: 70, Mob: DeflectWizard Health: 70]
[Mob: Skeleton Health: 72, Mob: DeflectWizard Health: 72, Mob: DeflectWizard Health: 72, Mob: Skeleton Health: 72, Mob: DeflectWizard Health: 72, Mob: DeflectWizard Health: 72, Mob: DeflectWizard Health: 72, Mob: DeflectWizard Health: 72, Mob: Skeleton Health: 72, Mob: DeflectWizard Health: 72, Mob: Skeleton Health: 72]
[Mob: DeflectWizard Health: 74, Mob: Xeno Health: 74, Mob: DeflectWizard Health: 74, Mob: DeflectWizard Health: 74, Mob: DeflectWizard Health: 74, Mob: DeflectWizard Health: 74, Mob: DeflectWizard Health: 74, Mob: DeflectWizard Health: 74, Mob: Xeno Health: 74, Mob: DeflectWizard Health: 74, Mob: Xeno Health: 74, Mob: DeflectWizard Health: 74]
[Mob: Xeno Health: 76, Mob: DeflectWizard Health: 76, Mob: DeflectWizard Health: 76, Mob: DeflectWizard Health: 76, Mob: DeflectWizard Health: 76, Mob: DeflectWizard Health: 76, Mob: DeflectWizard Health: 76, Mob: DeflectWizard Health: 76, Mob: Xeno Health: 76, Mob: Xeno Health: 76, Mob: DeflectWizard Health: 76, Mob: DeflectWizard Health: 76, Mob: Xeno Health: 76]
[Mob: Xeno Health: 78, Mob: Xeno Health: 78, Mob: Skeleton Health: 78, Mob: Skeleton Health: 78, Mob: Xeno Health: 78, Mob: Skeleton Health: 78, Mob: Skeleton Health: 78, Mob: Skeleton Health: 78, Mob: Skeleton Health: 78, Mob: Xeno Health: 78, Mob: Skeleton Health: 78, Mob: Skeleton Health: 78, Mob: Skeleton Health: 78, Mob: Skeleton Health: 78]
[Mob: DeflectWizard Health: 80, Mob: Xeno Health: 80, Mob: PatrickBoss Health: 100, Mob: DeflectWizard Health: 80, Mob: DeflectWizard Health: 80, Mob: PatrickBoss Health: 100, Mob: DeflectWizard Health: 80, Mob: DeflectWizard Health: 80, Mob: Xeno Health: 80, Mob: DeflectWizard Health: 80, Mob: Xeno Health: 80, Mob: DeflectWizard Health: 80, Mob: DeflectWizard Health: 80, Mob: DeflectWizard Health: 80, Mob: DeflectWizard Health: 80, Mob: DeflectWizard Health: 80, Mob: DeflectWizard Health: 80]

Oct 10, 2023 12:49:42 PM com.csse3200.game.entities.factories.WaveFactory createLevel
INFO: Level created: [Mob: Xeno Health: 61, Mob: SplittingWaterSlime Health: 61, Mob: SplittingWaterSlime Health: 61, Mob: SplittingWaterSlime Health: 61, Mob: Xeno Health: 61]
[Mob: SplittingWaterSlime Health: 62, Mob: SplittingWaterSlime Health: 62, Mob: Xeno Health: 62, Mob: Xeno Health: 62, Mob: SplittingWaterSlime Health: 62, Mob: Xeno Health: 62]
[Mob: SplittingWaterSlime Health: 63, Mob: SplittingWaterSlime Health: 63, Mob: WaterQueen Health: 63, Mob: WaterQueen Health: 63, Mob: SplittingWaterSlime Health: 63, Mob: SplittingWaterSlime Health: 63, Mob: SplittingWaterSlime Health: 63]
[Mob: SplittingWaterSlime Health: 64, Mob: SplittingWaterSlime Health: 64, Mob: SplittingWaterSlime Health: 64, Mob: SplittingWaterSlime Health: 64, Mob: Xeno Health: 64, Mob: Xeno Health: 64, Mob: SplittingWaterSlime Health: 64, Mob: SplittingWaterSlime Health: 64]
[Mob: IceBoss Health: 85, Mob: WaterQueen Health: 65, Mob: WaterQueen Health: 65, Mob: WaterQueen Health: 65, Mob: WaterQueen Health: 65, Mob: Xeno Health: 65, Mob: WaterQueen Health: 65, Mob: Xeno Health: 65, Mob: WaterQueen Health: 65, Mob: WaterQueen Health: 65]

Oct 10, 2023 12:49:42 PM com.csse3200.game.entities.factories.WaveFactory createLevel
INFO: Level created: [Mob: DodgingDragon Health: 63, Mob: DodgingDragon Health: 63, Mob: Xeno Health: 63, Mob: Xeno Health: 63, Mob: Xeno Health: 63, Mob: DodgingDragon Health: 63, Mob: DodgingDragon Health: 63, Mob: DodgingDragon Health: 63]
[Mob: FireWorm Health: 66, Mob: FireWorm Health: 66, Mob: FireWorm Health: 66, Mob: DodgingDragon Health: 66, Mob: FireWorm Health: 66, Mob: DodgingDragon Health: 66, Mob: FireWorm Health: 66, Mob: DodgingDragon Health: 66, Mob: FireWorm Health: 66]
[Mob: DodgingDragon Health: 69, Mob: DodgingDragon Health: 69, Mob: DodgingDragon Health: 69, Mob: FireWorm Health: 69, Mob: DodgingDragon Health: 69, Mob: DodgingDragon Health: 69, Mob: DodgingDragon Health: 69, Mob: FireWorm Health: 69, Mob: DodgingDragon Health: 69, Mob: DodgingDragon Health: 69]
[Mob: Xeno Health: 72, Mob: Xeno Health: 72, Mob: Xeno Health: 72, Mob: DodgingDragon Health: 72, Mob: Xeno Health: 72, Mob: DodgingDragon Health: 72, Mob: DodgingDragon Health: 72, Mob: DodgingDragon Health: 72, Mob: DodgingDragon Health: 72, Mob: DodgingDragon Health: 72, Mob: DodgingDragon Health: 72]
[Mob: FireBoss Health: 95, Mob: FireWorm Health: 75, Mob: DodgingDragon Health: 75, Mob: DodgingDragon Health: 75, Mob: DodgingDragon Health: 75, Mob: DodgingDragon Health: 75, Mob: DodgingDragon Health: 75, Mob: DodgingDragon Health: 75, Mob: FireWorm Health: 75, Mob: DodgingDragon Health: 75, Mob: FireWorm Health: 75, Mob: DodgingDragon Health: 75, Mob: DodgingDragon Health: 75]
[Mob: DodgingDragon Health: 78, Mob: FireWorm Health: 78, Mob: FireWorm Health: 78, Mob: FireWorm Health: 78, Mob: FireWorm Health: 78, Mob: DodgingDragon Health: 78, Mob: FireWorm Health: 78, Mob: FireWorm Health: 78, Mob: FireWorm Health: 78, Mob: FireWorm Health: 78, Mob: FireWorm Health: 78, Mob: FireWorm Health: 78, Mob: FireWorm Health: 78]
[Mob: DodgingDragon Health: 81, Mob: Xeno Health: 81, Mob: DodgingDragon Health: 81, Mob: DodgingDragon Health: 81, Mob: Xeno Health: 81, Mob: Xeno Health: 81, Mob: DodgingDragon Health: 81, Mob: Xeno Health: 81, Mob: DodgingDragon Health: 81, Mob: Xeno Health: 81, Mob: DodgingDragon Health: 81, Mob: DodgingDragon Health: 81, Mob: DodgingDragon Health: 81, Mob: DodgingDragon Health: 81]
[Mob: DodgingDragon Health: 84, Mob: DodgingDragon Health: 84, Mob: DodgingDragon Health: 84, Mob: DodgingDragon Health: 84, Mob: DodgingDragon Health: 84, Mob: DodgingDragon Health: 84, Mob: DodgingDragon Health: 84, Mob: DodgingDragon Health: 84, Mob: FireWorm Health: 84, Mob: FireWorm Health: 84, Mob: DodgingDragon Health: 84, Mob: DodgingDragon Health: 84, Mob: DodgingDragon Health: 84, Mob: DodgingDragon Health: 84, Mob: DodgingDragon Health: 84]
[Mob: DodgingDragon Health: 87, Mob: DodgingDragon Health: 87, Mob: FireWorm Health: 87, Mob: DodgingDragon Health: 87, Mob: FireWorm Health: 87, Mob: FireWorm Health: 87, Mob: FireWorm Health: 87, Mob: FireWorm Health: 87, Mob: DodgingDragon Health: 87, Mob: FireWorm Health: 87, Mob: FireWorm Health: 87, Mob: DodgingDragon Health: 87, Mob: DodgingDragon Health: 87, Mob: DodgingDragon Health: 87, Mob: FireWorm Health: 87, Mob: DodgingDragon Health: 87]
[Mob: DodgingDragon Health: 90, Mob: DodgingDragon Health: 90, Mob: DodgingDragon Health: 90, Mob: DodgingDragon Health: 90, Mob: DodgingDragon Health: 90, Mob: Xeno Health: 90, Mob: DodgingDragon Health: 90, Mob: Xeno Health: 90, Mob: DodgingDragon Health: 90, Mob: Xeno Health: 90, Mob: FireBoss Health: 110, Mob: DodgingDragon Health: 90, Mob: DodgingDragon Health: 90, Mob: DodgingDragon Health: 90, Mob: Xeno Health: 90, Mob: FireBoss Health: 110, Mob: DodgingDragon Health: 90, Mob: DodgingDragon Health: 90, Mob: DodgingDragon Health: 90]
[Mob: Xeno Health: 93, Mob: Xeno Health: 93, Mob: FireWorm Health: 93, Mob: Xeno Health: 93, Mob: FireWorm Health: 93, Mob: Xeno Health: 93, Mob: Xeno Health: 93, Mob: Xeno Health: 93, Mob: FireWorm Health: 93, Mob: Xeno Health: 93, Mob: FireWorm Health: 93, Mob: Xeno Health: 93, Mob: Xeno Health: 93, Mob: Xeno Health: 93, Mob: Xeno Health: 93, Mob: Xeno Health: 93, Mob: Xeno Health: 93, Mob: Xeno Health: 93]
[Mob: Xeno Health: 96, Mob: FireWorm Health: 96, Mob: Xeno Health: 96, Mob: FireWorm Health: 96, Mob: Xeno Health: 96, Mob: FireWorm Health: 96, Mob: Xeno Health: 96, Mob: Xeno Health: 96, Mob: FireWorm Health: 96, Mob: FireWorm Health: 96, Mob: FireWorm Health: 96, Mob: Xeno Health: 96, Mob: FireWorm Health: 96, Mob: Xeno Health: 96, Mob: Xeno Health: 96, Mob: Xeno Health: 96, Mob: FireWorm Health: 96, Mob: Xeno Health: 96, Mob: FireWorm Health: 96]
[Mob: FireWorm Health: 99, Mob: Xeno Health: 99, Mob: FireWorm Health: 99, Mob: FireWorm Health: 99, Mob: FireWorm Health: 99, Mob: Xeno Health: 99, Mob: Xeno Health: 99, Mob: FireWorm Health: 99, Mob: Xeno Health: 99, Mob: Xeno Health: 99, Mob: FireWorm Health: 99, Mob: Xeno Health: 99, Mob: FireWorm Health: 99, Mob: FireWorm Health: 99, Mob: Xeno Health: 99, Mob: FireWorm Health: 99, Mob: FireWorm Health: 99, Mob: FireWorm Health: 99, Mob: Xeno Health: 99, Mob: Xeno Health: 99]
[Mob: FireWorm Health: 102, Mob: FireWorm Health: 102, Mob: DodgingDragon Health: 102, Mob: FireWorm Health: 102, Mob: DodgingDragon Health: 102, Mob: FireWorm Health: 102, Mob: DodgingDragon Health: 102, Mob: FireWorm Health: 102, Mob: DodgingDragon Health: 102, Mob: DodgingDragon Health: 102, Mob: DodgingDragon Health: 102, Mob: FireWorm Health: 102, Mob: DodgingDragon Health: 102, Mob: DodgingDragon Health: 102, Mob: DodgingDragon Health: 102, Mob: FireWorm Health: 102, Mob: FireWorm Health: 102, Mob: DodgingDragon Health: 102, Mob: FireWorm Health: 102, Mob: FireWorm Health: 102, Mob: DodgingDragon Health: 102]
[Mob: DodgingDragon Health: 105, Mob: DodgingDragon Health: 105, Mob: Xeno Health: 105, Mob: DodgingDragon Health: 105, Mob: Xeno Health: 105, Mob: Xeno Health: 105, Mob: DodgingDragon Health: 105, Mob: Xeno Health: 105, Mob: DodgingDragon Health: 105, Mob: DodgingDragon Health: 105, Mob: FireBoss Health: 125, Mob: DodgingDragon Health: 105, Mob: Xeno Health: 105, Mob: Xeno Health: 105, Mob: Xeno Health: 105, Mob: Xeno Health: 105, Mob: Xeno Health: 105, Mob: Xeno Health: 105, Mob: Xeno Health: 105, Mob: Xeno Health: 105, Mob: FireBoss Health: 125, Mob: FireBoss Health: 125, Mob: DodgingDragon Health: 105, Mob: Xeno Health: 105, Mob: Xeno Health: 105]

Oct 10, 2023 12:49:42 PM com.csse3200.game.entities.factories.WaveFactory createLevel
INFO: Level created: [Mob: Xeno Health: 61, Mob: Xeno Health: 61, Mob: WaterQueen Health: 61, Mob: WaterQueen Health: 61, Mob: WaterQueen Health: 61]
[Mob: SplittingWaterSlime Health: 62, Mob: Xeno Health: 62, Mob: Xeno Health: 62, Mob: Xeno Health: 62, Mob: SplittingWaterSlime Health: 62, Mob: SplittingWaterSlime Health: 62]
[Mob: Xeno Health: 63, Mob: Xeno Health: 63, Mob: Xeno Health: 63, Mob: Xeno Health: 63, Mob: SplittingWaterSlime Health: 63, Mob: Xeno Health: 63, Mob: SplittingWaterSlime Health: 63]
[Mob: WaterQueen Health: 64, Mob: Xeno Health: 64, Mob: Xeno Health: 64, Mob: WaterQueen Health: 64, Mob: WaterQueen Health: 64, Mob: WaterQueen Health: 64, Mob: WaterQueen Health: 64, Mob: WaterQueen Health: 64]
[Mob: SplittingWaterSlime Health: 65, Mob: Xeno Health: 65, Mob: Xeno Health: 65, Mob: IceBoss Health: 85, Mob: SplittingWaterSlime Health: 65, Mob: Xeno Health: 65, Mob: SplittingWaterSlime Health: 65, Mob: SplittingWaterSlime Health: 65, Mob: Xeno Health: 65, Mob: SplittingWaterSlime Health: 65]

Oct 10, 2023 12:49:42 PM com.csse3200.game.entities.factories.WaveFactory createLevel
INFO: Level created: [Mob: Xeno Health: 62, Mob: Skeleton Health: 62, Mob: Skeleton Health: 62, Mob: Xeno Health: 62, Mob: Skeleton Health: 62, Mob: Skeleton Health: 62]
[Mob: Xeno Health: 64, Mob: DeflectWizard Health: 64, Mob: Xeno Health: 64, Mob: DeflectWizard Health: 64, Mob: Xeno Health: 64, Mob: DeflectWizard Health: 64, Mob: Xeno Health: 64]
[Mob: Xeno Health: 66, Mob: DeflectWizard Health: 66, Mob: Xeno Health: 66, Mob: Xeno Health: 66, Mob: DeflectWizard Health: 66, Mob: DeflectWizard Health: 66, Mob: DeflectWizard Health: 66, Mob: Xeno Health: 66]
[Mob: Xeno Health: 68, Mob: Xeno Health: 68, Mob: Xeno Health: 68, Mob: Skeleton Health: 68, Mob: Xeno Health: 68, Mob: Xeno Health: 68, Mob: Xeno Health: 68, Mob: Xeno Health: 68, Mob: Skeleton Health: 68]
[Mob: Skeleton Health: 70, Mob: DeflectWizard Health: 70, Mob: DeflectWizard Health: 70, Mob: Skeleton Health: 70, Mob: DeflectWizard Health: 70, Mob: Skeleton Health: 70, Mob: DeflectWizard Health: 70, Mob: DeflectWizard Health: 70, Mob: DeflectWizard Health: 70, Mob: PatrickBoss Health: 90, Mob: Skeleton Health: 70]
[Mob: DeflectWizard Health: 72, Mob: DeflectWizard Health: 72, Mob: DeflectWizard Health: 72, Mob: DeflectWizard Health: 72, Mob: DeflectWizard Health: 72, Mob: DeflectWizard Health: 72, Mob: DeflectWizard Health: 72, Mob: Skeleton Health: 72, Mob: DeflectWizard Health: 72, Mob: DeflectWizard Health: 72, Mob: Skeleton Health: 72]
[Mob: Skeleton Health: 74, Mob: Skeleton Health: 74, Mob: Xeno Health: 74, Mob: Xeno Health: 74, Mob: Xeno Health: 74, Mob: Skeleton Health: 74, Mob: Xeno Health: 74, Mob: Xeno Health: 74, Mob: Xeno Health: 74, Mob: Xeno Health: 74, Mob: Xeno Health: 74, Mob: Xeno Health: 74]
[Mob: DeflectWizard Health: 76, Mob: DeflectWizard Health: 76, Mob: DeflectWizard Health: 76, Mob: DeflectWizard Health: 76, Mob: DeflectWizard Health: 76, Mob: DeflectWizard Health: 76, Mob: Xeno Health: 76, Mob: DeflectWizard Health: 76, Mob: DeflectWizard Health: 76, Mob: Xeno Health: 76, Mob: DeflectWizard Health: 76, Mob: DeflectWizard Health: 76, Mob: DeflectWizard Health: 76]
[Mob: Skeleton Health: 78, Mob: Skeleton Health: 78, Mob: Xeno Health: 78, Mob: Xeno Health: 78, Mob: Xeno Health: 78, Mob: Xeno Health: 78, Mob: Xeno Health: 78, Mob: Skeleton Health: 78, Mob: Xeno Health: 78, Mob: Skeleton Health: 78, Mob: Xeno Health: 78, Mob: Xeno Health: 78, Mob: Skeleton Health: 78, Mob: Skeleton Health: 78]
[Mob: Skeleton Health: 80, Mob: Skeleton Health: 80, Mob: Skeleton Health: 80, Mob: DeflectWizard Health: 80, Mob: Skeleton Health: 80, Mob: Skeleton Health: 80, Mob: DeflectWizard Health: 80, Mob: Skeleton Health: 80, Mob: Skeleton Health: 80, Mob: Skeleton Health: 80, Mob: DeflectWizard Health: 80, Mob: Skeleton Health: 80, Mob: DeflectWizard Health: 80, Mob: Skeleton Health: 80, Mob: PatrickBoss Health: 100, Mob: DeflectWizard Health: 80, Mob: PatrickBoss Health: 100]

Oct 10, 2023 12:49:42 PM com.csse3200.game.entities.factories.WaveFactory createLevel
INFO: Level created: [Mob: FireWorm Health: 63, Mob: DodgingDragon Health: 63, Mob: DodgingDragon Health: 63, Mob: FireWorm Health: 63, Mob: DodgingDragon Health: 63, Mob: FireWorm Health: 63, Mob: FireWorm Health: 63, Mob: FireWorm Health: 63]
[Mob: Xeno Health: 66, Mob: Xeno Health: 66, Mob: DodgingDragon Health: 66, Mob: Xeno Health: 66, Mob: Xeno Health: 66, Mob: Xeno Health: 66, Mob: Xeno Health: 66, Mob: DodgingDragon Health: 66, Mob: Xeno Health: 66]
[Mob: Xeno Health: 69, Mob: Xeno Health: 69, Mob: DodgingDragon Health: 69, Mob: Xeno Health: 69, Mob: DodgingDragon Health: 69, Mob: Xeno Health: 69, Mob: Xeno Health: 69, Mob: Xeno Health: 69, Mob: Xeno Health: 69, Mob: DodgingDragon Health: 69]
[Mob: Xeno Health: 72, Mob: Xeno Health: 72, Mob: Xeno Health: 72, Mob: Xeno Health: 72, Mob: FireWorm Health: 72, Mob: FireWorm Health: 72, Mob: FireWorm Health: 72, Mob: FireWorm Health: 72, Mob: Xeno Health: 72, Mob: FireWorm Health: 72, Mob: Xeno Health: 72]
[Mob: FireWorm Health: 75, Mob: FireBoss Health: 95, Mob: FireWorm Health: 75, Mob: Xeno Health: 75, Mob: FireWorm Health: 75, Mob: FireWorm Health: 75, Mob: FireWorm Health: 75, Mob: Xeno Health: 75, Mob: Xeno Health: 75, Mob: FireWorm Health: 75, Mob: FireWorm Health: 75, Mob: FireWorm Health: 75, Mob: FireWorm Health: 75]
[Mob: FireWorm Health: 78, Mob: DodgingDragon Health: 78, Mob: FireWorm Health: 78, Mob: DodgingDragon Health: 78, Mob: FireWorm Health: 78, Mob: FireWorm Health: 78, Mob: DodgingDragon Health: 78, Mob: FireWorm Health: 78, Mob: FireWorm Health: 78, Mob: FireWorm Health: 78, Mob: FireWorm Health: 78, Mob: FireWorm Health: 78, Mob: FireWorm Health: 78]
[Mob: DodgingDragon Health: 81, Mob: DodgingDragon Health: 81, Mob: DodgingDragon Health: 81, Mob: DodgingDragon Health: 81, Mob: DodgingDragon Health: 81, Mob: DodgingDragon Health: 81, Mob: DodgingDragon Health: 81, Mob: FireWorm Health: 81, Mob: DodgingDragon Health: 81, Mob: DodgingDragon Health: 81, Mob: DodgingDragon Health: 81, Mob: FireWorm Health: 81, Mob: FireWorm Health: 81, Mob: DodgingDragon Health: 81]
[Mob: FireWorm Health: 84, Mob: FireWorm Health: 84, Mob: FireWorm Health: 84, Mob: DodgingDragon Health: 84, Mob: DodgingDragon Health: 84, Mob: DodgingDragon Health: 84, Mob: FireWorm Health: 84, Mob: DodgingDragon Health: 84, Mob: FireWorm Health: 84, Mob: DodgingDragon Health: 84, Mob: DodgingDragon Health: 84, Mob: FireWorm Health: 84, Mob: FireWorm Health: 84, Mob: DodgingDragon Health: 84, Mob: FireWorm Health: 84]
[Mob: Xeno Health: 87, Mob: Xeno Health: 87, Mob: Xeno Health: 87, Mob: Xeno Health: 87, Mob: Xeno Health: 87, Mob: DodgingDragon Health: 87, Mob: Xeno Health: 87, Mob: Xeno Health: 87, Mob: Xeno Health: 87, Mob: DodgingDragon Health: 87, Mob: Xeno Health: 87, Mob: Xeno Health: 87, Mob: Xeno Health: 87, Mob: DodgingDragon Health: 87, Mob: Xeno Health: 87, Mob: Xeno Health: 87]
[Mob: FireWorm Health: 90, Mob: FireWorm Health: 90, Mob: Xeno Health: 90, Mob: Xeno Health: 90, Mob: FireWorm Health: 90, Mob: Xeno Health: 90, Mob: FireWorm Health: 90, Mob: FireWorm Health: 90, Mob: FireWorm Health: 90, Mob: Xeno Health: 90, Mob: FireWorm Health: 90, Mob: FireWorm Health: 90, Mob: FireWorm Health: 90, Mob: FireWorm Health: 90, Mob: FireWorm Health: 90, Mob: FireBoss Health: 110, Mob: Xeno Health: 90, Mob: FireWorm Health: 90, Mob: FireBoss Health: 110]
[Mob: Xeno Health: 93, Mob: DodgingDragon Health: 93, Mob: Xeno Health: 93, Mob: DodgingDragon Health: 93, Mob: DodgingDragon Health: 93, Mob: Xeno Health: 93, Mob: Xeno Health: 93, Mob: Xeno Health: 93, Mob: Xeno Health: 93, Mob: Xeno Health: 93, Mob: Xeno Health: 93, Mob: DodgingDragon Health: 93, Mob: DodgingDragon Health: 93, Mob: Xeno Health: 93, Mob: DodgingDragon Health: 93, Mob: Xeno Health: 93, Mob: DodgingDragon Health: 93, Mob: DodgingDragon Health: 93]
[Mob: Xeno Health: 96, Mob: FireWorm Health: 96, Mob: FireWorm Health: 96, Mob: FireWorm Health: 96, Mob: Xeno Health: 96, Mob: Xeno Health: 96, Mob: FireWorm Health: 96, Mob: Xeno Health: 96, Mob: Xeno Health: 96, Mob: FireWorm Health: 96, Mob: FireWorm Health: 96, Mob: FireWorm Health: 96, Mob: FireWorm Health: 96, Mob: FireWorm Health: 96, Mob: Xeno Health: 96, Mob: FireWorm Health: 96, Mob: FireWorm Health: 96, Mob: FireWorm Health: 96, Mob: Xeno Health: 96]
[Mob: Xeno Health: 99, Mob: Xeno Health: 99, Mob: Xeno Health: 99, Mob: Xeno Health: 99, Mob: Xeno Health: 99, Mob: FireWorm Health: 99, Mob: Xeno Health: 99, Mob: Xeno Health: 99, Mob: Xeno Health: 99, Mob: Xeno Health: 99, Mob: FireWorm Health: 99, Mob: FireWorm Health: 99, Mob: Xeno Health: 99, Mob: Xeno Health: 99, Mob: FireWorm Health: 99, Mob: Xeno Health: 99, Mob: Xeno Health: 99, Mob: FireWorm Health: 99, Mob: Xeno Health: 99, Mob: FireWorm Health: 99]
[Mob: FireWorm Health: 102, Mob: FireWorm Health: 102, Mob: FireWorm Health: 102, Mob: FireWorm Health: 102, Mob: FireWorm Health: 102, Mob: Xeno Health: 102, Mob: FireWorm Health: 102, Mob: FireWorm Health: 102, Mob: Xeno Health: 102, Mob: FireWorm Health: 102, Mob: Xeno Health: 102, Mob: FireWorm Health: 102, Mob: Xeno Health: 102, Mob: FireWorm Health: 102, Mob: FireWorm Health: 102, Mob: Xeno Health: 102, Mob: FireWorm Health: 102, Mob: FireWorm Health: 102, Mob: FireWorm Health: 102, Mob: FireWorm Health: 102, Mob: FireWorm Health: 102]
[Mob: Xeno Health: 105, Mob: DodgingDragon Health: 105, Mob: Xeno Health: 105, Mob: Xeno Health: 105, Mob: DodgingDragon Health: 105, Mob: DodgingDragon Health: 105, Mob: Xeno Health: 105, Mob: DodgingDragon Health: 105, Mob: Xeno Health: 105, Mob: FireBoss Health: 125, Mob: DodgingDragon Health: 105, Mob: Xeno Health: 105, Mob: Xeno Health: 105, Mob: FireBoss Health: 125, Mob: DodgingDragon Health: 105, Mob: FireBoss Health: 125, Mob: Xeno Health: 105, Mob: DodgingDragon Health: 105, Mob: Xeno Health: 105, Mob: Xeno Health: 105, Mob: DodgingDragon Health: 105, Mob: DodgingDragon Health: 105, Mob: DodgingDragon Health: 105, Mob: Xeno Health: 105, Mob: DodgingDragon Health: 105]

Oct 10, 2023 12:49:42 PM com.csse3200.game.entities.factories.WaveFactory createLevel
INFO: Level created: [Mob: WaterQueen Health: 61, Mob: WaterQueen Health: 61, Mob: SplittingWaterSlime Health: 61, Mob: SplittingWaterSlime Health: 61, Mob: SplittingWaterSlime Health: 61]
[Mob: WaterQueen Health: 62, Mob: SplittingWaterSlime Health: 62, Mob: SplittingWaterSlime Health: 62, Mob: WaterQueen Health: 62, Mob: WaterQueen Health: 62, Mob: SplittingWaterSlime Health: 62]
[Mob: WaterQueen Health: 63, Mob: WaterQueen Health: 63, Mob: WaterQueen Health: 63, Mob: WaterQueen Health: 63, Mob: SplittingWaterSlime Health: 63, Mob: SplittingWaterSlime Health: 63, Mob: SplittingWaterSlime Health: 63]
[Mob: Xeno Health: 64, Mob: WaterQueen Health: 64, Mob: WaterQueen Health: 64, Mob: WaterQueen Health: 64, Mob: Xeno Health: 64, Mob: WaterQueen Health: 64, Mob: WaterQueen Health: 64, Mob: WaterQueen Health: 64]
[Mob: IceBoss Health: 85, Mob: WaterQueen Health: 65, Mob: SplittingWaterSlime Health: 65, Mob: WaterQueen Health: 65, Mob: WaterQueen Health: 65, Mob: SplittingWaterSlime Health: 65, Mob: WaterQueen Health: 65, Mob: WaterQueen Health: 65, Mob: WaterQueen Health: 65, Mob: WaterQueen Health: 65]

Oct 10, 2023 12:49:42 PM com.csse3200.game.entities.factories.WaveFactory createLevel
INFO: Level created: [Mob: Skeleton Health: 62, Mob: DeflectWizard Health: 62, Mob: Skeleton Health: 62, Mob: DeflectWizard Health: 62, Mob: Skeleton Health: 62, Mob: DeflectWizard Health: 62]
[Mob: DeflectWizard Health: 64, Mob: DeflectWizard Health: 64, Mob: DeflectWizard Health: 64, Mob: Xeno Health: 64, Mob: Xeno Health: 64, Mob: Xeno Health: 64, Mob: DeflectWizard Health: 64]
[Mob: Xeno Health: 66, Mob: Skeleton Health: 66, Mob: Skeleton Health: 66, Mob: Skeleton Health: 66, Mob: Skeleton Health: 66, Mob: Skeleton Health: 66, Mob: Xeno Health: 66, Mob: Skeleton Health: 66]
[Mob: DeflectWizard Health: 68, Mob: DeflectWizard Health: 68, Mob: DeflectWizard Health: 68, Mob: Xeno Health: 68, Mob: Xeno Health: 68, Mob: Xeno Health: 68, Mob: DeflectWizard Health: 68, Mob: DeflectWizard Health: 68, Mob: DeflectWizard Health: 68]
[Mob: Skeleton Health: 70, Mob: Skeleton Health: 70, Mob: Xeno Health: 70, Mob: PatrickBoss Health: 90, Mob: Xeno Health: 70, Mob: Xeno Health: 70, Mob: Xeno Health: 70, Mob: Xeno Health: 70, Mob: Xeno Health: 70, Mob: Xeno Health: 70, Mob: Xeno Health: 70]
[Mob: Skeleton Health: 72, Mob: Skeleton Health: 72, Mob: Skeleton Health: 72, Mob: Skeleton Health: 72, Mob: DeflectWizard Health: 72, Mob: Skeleton Health: 72, Mob: DeflectWizard Health: 72, Mob: Skeleton Health: 72, Mob: DeflectWizard Health: 72, Mob: DeflectWizard Health: 72, Mob: DeflectWizard Health: 72]
[Mob: DeflectWizard Health: 74, Mob: Xeno Health: 74, Mob: Xeno Health: 74, Mob: Xeno Health: 74, Mob: DeflectWizard Health: 74, Mob: Xeno Health: 74, Mob: Xeno Health: 74, Mob: DeflectWizard Health: 74, Mob: DeflectWizard Health: 74, Mob: DeflectWizard Health: 74, Mob: DeflectWizard Health: 74, Mob: DeflectWizard Health: 74]
[Mob: DeflectWizard Health: 76, Mob: DeflectWizard Health: 76, Mob: Skeleton Health: 76, Mob: DeflectWizard Health: 76, Mob: DeflectWizard Health: 76, Mob: Skeleton Health: 76, Mob: Skeleton Health: 76, Mob: DeflectWizard Health: 76, Mob: DeflectWizard Health: 76, Mob: Skeleton Health: 76, Mob: DeflectWizard Health: 76, Mob: DeflectWizard Health: 76, Mob: Skeleton Health: 76]
[Mob: DeflectWizard Health: 78, Mob: Xeno Health: 78, Mob: DeflectWizard Health: 78, Mob: DeflectWizard Health: 78, Mob: DeflectWizard Health: 78, Mob: Xeno Health: 78, Mob: DeflectWizard Health: 78, Mob: DeflectWizard Health: 78, Mob: DeflectWizard Health: 78, Mob: DeflectWizard Health: 78, Mob: Xeno Health: 78, Mob: DeflectWizard Health: 78, Mob: Xeno Health: 78, Mob: DeflectWizard Health: 78]
[Mob: PatrickBoss Health: 100, Mob: Xeno Health: 80, Mob: DeflectWizard Health: 80, Mob: DeflectWizard Health: 80, Mob: DeflectWizard Health: 80, Mob: PatrickBoss Health: 100, Mob: DeflectWizard Health: 80, Mob: DeflectWizard Health: 80, Mob: Xeno Health: 80, Mob: DeflectWizard Health: 80, Mob: DeflectWizard Health: 80, Mob: DeflectWizard Health: 80, Mob: DeflectWizard Health: 80, Mob: DeflectWizard Health: 80, Mob: DeflectWizard Health: 80, Mob: DeflectWizard Health: 80, Mob: DeflectWizard Health: 80]

Oct 10, 2023 12:49:42 PM com.csse3200.game.entities.factories.WaveFactory createLevel
INFO: Level created: [Mob: Xeno Health: 63, Mob: Xeno Health: 63, Mob: DodgingDragon Health: 63, Mob: DodgingDragon Health: 63, Mob: DodgingDragon Health: 63, Mob: Xeno Health: 63, Mob: DodgingDragon Health: 63, Mob: DodgingDragon Health: 63]
[Mob: FireWorm Health: 66, Mob: FireWorm Health: 66, Mob: FireWorm Health: 66, Mob: Xeno Health: 66, Mob: Xeno Health: 66, Mob: FireWorm Health: 66, Mob: FireWorm Health: 66, Mob: FireWorm Health: 66, Mob: Xeno Health: 66]
[Mob: DodgingDragon Health: 69, Mob: DodgingDragon Health: 69, Mob: DodgingDragon Health: 69, Mob: DodgingDragon Health: 69, Mob: DodgingDragon Health: 69, Mob: DodgingDragon Health: 69, Mob: DodgingDragon Health: 69, Mob: Xeno Health: 69, Mob: Xeno Health: 69, Mob: DodgingDragon Health: 69]
[Mob: FireWorm Health: 72, Mob: Xeno Health: 72, Mob: Xeno Health: 72, Mob: Xeno Health: 72, Mob: FireWorm Health: 72, Mob: Xeno Health: 72, Mob: Xeno Health: 72, Mob: Xeno Health: 72, Mob: FireWorm Health: 72, Mob: Xeno Health: 72, Mob: FireWorm Health: 72]
[Mob: FireBoss Health: 95, Mob: FireWorm Health: 75, Mob: Xeno Health: 75, Mob: Xeno Health: 75, Mob: Xeno Health: 75, Mob: Xeno Health: 75, Mob: FireWorm Health: 75, Mob: Xeno Health: 75, Mob: FireWorm Health: 75, Mob: Xeno Health: 75, Mob: Xeno Health: 75, Mob: Xeno Health: 75, Mob: Xeno Health: 75]
[Mob: Xeno Health: 78, Mob: Xeno Health: 78, Mob: Xeno Health: 78, Mob: Xeno Health: 78, Mob: DodgingDragon Health: 78, Mob: DodgingDragon Health: 78, Mob: Xeno Health: 78, Mob: Xeno Health: 78, Mob: Xeno Health: 78, Mob: DodgingDragon Health: 78, Mob: Xeno Health: 78, Mob: Xeno Health: 78, Mob: Xeno Health: 78]
[Mob: Xeno Health: 81, Mob: Xeno Health: 81, Mob: FireWorm Health: 81, Mob: Xeno Health: 81, Mob: FireWorm Health: 81, Mob: Xeno Health: 81, Mob: Xeno Health: 81, Mob: FireWorm Health: 81, Mob: Xeno Health: 81, Mob: FireWorm Health: 81, Mob: Xeno Health: 81, Mob: Xeno Health: 81, Mob: Xeno Health: 81, Mob: FireWorm Health: 81]
[Mob: Xeno Health: 84, Mob: FireWorm Health: 84, Mob: Xeno Health: 84, Mob: Xeno Health: 84, Mob: Xeno Health: 84, Mob: Xeno Health: 84, Mob: Xeno Health: 84, Mob: FireWorm Health: 84, Mob: FireWorm Health: 84, Mob: Xeno Health: 84, Mob: FireWorm Health: 84, Mob: Xeno Health: 84, Mob: Xeno Health: 84, Mob: FireWorm Health: 84, Mob: FireWorm Health: 84]
[Mob: Xeno Health: 87, Mob: DodgingDragon Health: 87, Mob: Xeno Health: 87, Mob: DodgingDragon Health: 87, Mob: Xeno Health: 87, Mob: Xeno Health: 87, Mob: Xeno Health: 87, Mob: Xeno Health: 87, Mob: Xeno Health: 87, Mob: DodgingDragon Health: 87, Mob: Xeno Health: 87, Mob: DodgingDragon Health: 87, Mob: Xeno Health: 87, Mob: Xeno Health: 87, Mob: Xeno Health: 87, Mob: Xeno Health: 87]
[Mob: Xeno Health: 90, Mob: DodgingDragon Health: 90, Mob: Xeno Health: 90, Mob: FireBoss Health: 110, Mob: Xeno Health: 90, Mob: Xeno Health: 90, Mob: DodgingDragon Health: 90, Mob: Xeno Health: 90, Mob: Xeno Health: 90, Mob: DodgingDragon Health: 90, Mob: Xeno Health: 90, Mob: Xeno Health: 90, Mob: DodgingDragon Health: 90, Mob: FireBoss Health: 110, Mob: DodgingDragon Health: 90, Mob: Xeno Health: 90, Mob: Xeno Health: 90, Mob: DodgingDragon Health: 90, Mob: DodgingDragon Health: 90]
[Mob: Xeno Health: 93, Mob: Xeno Health: 93, Mob: Xeno Health: 93, Mob: Xeno Health: 93, Mob: Xeno Health: 93, Mob: Xeno Health: 93, Mob: Xeno Health: 93, Mob: Xeno Health: 93, Mob: Xeno Health: 93, Mob: DodgingDragon Health: 93, Mob: Xeno Health: 93, Mob: Xeno Health: 93, Mob: Xeno Health: 93, Mob: Xeno Health: 93, Mob: DodgingDragon Health: 93, Mob: Xeno Health: 93, Mob: Xeno Health: 93, Mob: Xeno Health: 93]
[Mob: Xeno Health: 96, Mob: Xeno Health: 96, Mob: Xeno Health: 96, Mob: FireWorm Health: 96, Mob: FireWorm Health: 96, Mob: FireWorm Health: 96, Mob: Xeno Health: 96, Mob: FireWorm Health: 96, Mob: Xeno Health: 96, Mob: FireWorm Health: 96, Mob: FireWorm Health: 96, Mob: Xeno Health: 96, Mob: Xeno Health: 96, Mob: FireWorm Health: 96, Mob: Xeno Health: 96, Mob: FireWorm Health: 96, Mob: FireWorm Health: 96, Mob: Xeno Health: 96, Mob: FireWorm Health: 96]
[Mob: Xeno Health: 99, Mob: Xeno Health: 99, Mob: Xeno Health: 99, Mob: FireWorm Health: 99, Mob: FireWorm Health: 99, Mob: Xeno Health: 99, Mob: Xeno Health: 99, Mob: FireWorm Health: 99, Mob: FireWorm Health: 99, Mob: FireWorm Health: 99, Mob: Xeno Health: 99, Mob: Xeno Health: 99, Mob: FireWorm Health: 99, Mob: FireWorm Health: 99, Mob: Xeno Health: 99, Mob: Xeno Health: 99, Mob: Xeno Health: 99, Mob: Xeno Health: 99, Mob: Xeno Health: 99, Mob: FireWorm Health: 99]
[Mob: FireWorm Health: 102, Mob: DodgingDragon Health: 102, Mob: DodgingDragon Health: 102, Mob: FireWorm Health: 102, Mob: FireWorm Health: 102, Mob: FireWorm Health: 102, Mob: FireWorm Health: 102, Mob: FireWorm Health: 102, Mob: FireWorm Health: 102, Mob: DodgingDragon Health: 102, Mob: FireWorm Health: 102, Mob: DodgingDragon Health: 102, Mob: FireWorm Health: 102, Mob: DodgingDragon Health: 102, Mob: FireWorm Health: 102, Mob: DodgingDragon Health: 102, Mob: DodgingDragon Health: 102, Mob: DodgingDragon Health: 102, Mob: FireWorm Health: 102, Mob: FireWorm Health: 102, Mob: FireWorm Health: 102]
[Mob: DodgingDragon Health: 105, Mob: FireWorm Health: 105, Mob: DodgingDragon Health: 105, Mob: DodgingDragon Health: 105, Mob: FireWorm Health: 105, Mob: DodgingDragon Health: 105, Mob: FireWorm Health: 105, Mob: FireWorm Health: 105, Mob: FireWorm Health: 105, Mob: FireWorm Health: 105, Mob: FireWorm Health: 105, Mob: DodgingDragon Health: 105, Mob: DodgingDragon Health: 105, Mob: DodgingDragon Health: 105, Mob: DodgingDragon Health: 105, Mob: FireBoss Health: 125, Mob: FireWorm Health: 105, Mob: DodgingDragon Health: 105, Mob: DodgingDragon Health: 105, Mob: DodgingDragon Health: 105, Mob: FireBoss Health: 125, Mob: FireBoss Health: 125, Mob: DodgingDragon Health: 105, Mob: DodgingDragon Health: 105, Mob: DodgingDragon Health: 105]

]]></system-err>
</testsuite>
