<?xml version="1.0" encoding="UTF-8"?>
<testsuite name="com.csse3200.game.services.GameTimeTest" tests="4" skipped="0" failures="0" errors="0" timestamp="2023-10-10T07:19:48" hostname="DESKTOP-F4ACIG8" time="0.012">
  <properties/>
  <testcase name="shouldGiveCorrectDelta()" classname="com.csse3200.game.services.GameTimeTest" time="0.003"/>
  <testcase name="shouldScaleToZero()" classname="com.csse3200.game.services.GameTimeTest" time="0.001"/>
  <testcase name="shouldScaleDown()" classname="com.csse3200.game.services.GameTimeTest" time="0.002"/>
  <testcase name="shouldScaleUp()" classname="com.csse3200.game.services.GameTimeTest" time="0.002"/>
  <system-out><![CDATA[]]></system-out>
  <system-err><![CDATA[]]></system-err>
</testsuite>
