<?xml version="1.0" encoding="UTF-8"?>
<testsuite name="com.csse3200.game.input.InputComponentTest" tests="18" skipped="0" failures="0" errors="0" timestamp="2023-10-10T07:19:43" hostname="DESKTOP-F4ACIG8" time="0.902">
  <properties/>
  <testcase name="shouldHandleTouchUp()" classname="com.csse3200.game.input.InputComponentTest" time="0.44"/>
  <testcase name="shouldHandleKeyDown()" classname="com.csse3200.game.input.InputComponentTest" time="0.019"/>
  <testcase name="shouldHandlePanStop()" classname="com.csse3200.game.input.InputComponentTest" time="0.025"/>
  <testcase name="shouldUpdatePriority()" classname="com.csse3200.game.input.InputComponentTest" time="0.008"/>
  <testcase name="shouldHandlePan()" classname="com.csse3200.game.input.InputComponentTest" time="0.04"/>
  <testcase name="shouldHandleTap()" classname="com.csse3200.game.input.InputComponentTest" time="0.003"/>
  <testcase name="shouldHandleScrolled()" classname="com.csse3200.game.input.InputComponentTest" time="0.033"/>
  <testcase name="shouldHandleMouseMoved()" classname="com.csse3200.game.input.InputComponentTest" time="0.011"/>
  <testcase name="shouldHandleTouchDragged()" classname="com.csse3200.game.input.InputComponentTest" time="0.011"/>
  <testcase name="shouldHandleLongPress()" classname="com.csse3200.game.input.InputComponentTest" time="0.002"/>
  <testcase name="shouldHandleTouchDown()" classname="com.csse3200.game.input.InputComponentTest" time="0.001"/>
  <testcase name="shouldHandleKeyTyped()" classname="com.csse3200.game.input.InputComponentTest" time="0.002"/>
  <testcase name="shouldHandleZoom()" classname="com.csse3200.game.input.InputComponentTest" time="0.034"/>
  <testcase name="shouldHandleTouchDownGesture()" classname="com.csse3200.game.input.InputComponentTest" time="0.007"/>
  <testcase name="shouldRegisterOnCreate()" classname="com.csse3200.game.input.InputComponentTest" time="0.202"/>
  <testcase name="shouldHandleFling()" classname="com.csse3200.game.input.InputComponentTest" time="0.01"/>
  <testcase name="shouldHandleKeyUp()" classname="com.csse3200.game.input.InputComponentTest" time="0.002"/>
  <testcase name="shouldHandlePinch()" classname="com.csse3200.game.input.InputComponentTest" time="0.01"/>
  <system-out><![CDATA[]]></system-out>
  <system-err><![CDATA[]]></system-err>
</testsuite>
