<?xml version="1.0" encoding="UTF-8"?>
<testsuite name="com.csse3200.game.components.SplitFireworksComponentTest" tests="9" skipped="0" failures="0" errors="0" timestamp="2023-10-10T07:19:20" hostname="DESKTOP-F4ACIG8" time="0.846">
  <properties/>
  <testcase name="testWithinRangeSpawnedProjectiles()" classname="com.csse3200.game.components.SplitFireworksComponentTest" time="0.105"/>
  <testcase name="shouldNotSpawnMultProjOutOfMapBounds()" classname="com.csse3200.game.components.SplitFireworksComponentTest" time="0.072"/>
  <testcase name="testTooCloseRangeSpawnedProjectiles()" classname="com.csse3200.game.components.SplitFireworksComponentTest" time="0.094"/>
  <testcase name="shouldSpawnCorrectNumberOfProjs()" classname="com.csse3200.game.components.SplitFireworksComponentTest" time="0.073"/>
  <testcase name="shouldNotBeNull()" classname="com.csse3200.game.components.SplitFireworksComponentTest" time="0.065"/>
  <testcase name="shouldHaveSplitFireworksComponent()" classname="com.csse3200.game.components.SplitFireworksComponentTest" time="0.06"/>
  <testcase name="shouldDisposeAferCollision()" classname="com.csse3200.game.components.SplitFireworksComponentTest" time="0.094"/>
  <testcase name="shouldSpawnAtSpecifiedLocation()" classname="com.csse3200.game.components.SplitFireworksComponentTest" time="0.151"/>
  <testcase name="shouldSpawnMultProjWithinMapBounds()" classname="com.csse3200.game.components.SplitFireworksComponentTest" time="0.097"/>
  <system-out><![CDATA[]]></system-out>
  <system-err><![CDATA[]]></system-err>
</testsuite>
