<?xml version="1.0" encoding="UTF-8"?>
<testsuite name="com.csse3200.game.input.KeyboardInputFactoryTest" tests="1" skipped="0" failures="0" errors="0" timestamp="2023-10-10T07:19:44" hostname="DESKTOP-F4ACIG8" time="0.002">
  <properties/>
  <testcase name="shouldReturnKeyboardPlayerInput()" classname="com.csse3200.game.input.KeyboardInputFactoryTest" time="0.002"/>
  <system-out><![CDATA[]]></system-out>
  <system-err><![CDATA[]]></system-err>
</testsuite>
