<?xml version="1.0" encoding="UTF-8"?>
<testsuite name="com.csse3200.game.components.pausemenu.PauseMenuTimeStopComponentTest" tests="3" skipped="0" failures="0" errors="0" timestamp="2023-10-10T07:19:23" hostname="DESKTOP-F4ACIG8" time="0.038">
  <properties/>
  <testcase name="doesNotPauseNewEntities()" classname="com.csse3200.game.components.pausemenu.PauseMenuTimeStopComponentTest" time="0.01"/>
  <testcase name="pausesEntities()" classname="com.csse3200.game.components.pausemenu.PauseMenuTimeStopComponentTest" time="0.009"/>
  <testcase name="unpausesEntitiesWhenDisposed()" classname="com.csse3200.game.components.pausemenu.PauseMenuTimeStopComponentTest" time="0.008"/>
  <system-out><![CDATA[]]></system-out>
  <system-err><![CDATA[]]></system-err>
</testsuite>
