<?xml version="1.0" encoding="UTF-8"?>
<testsuite name="com.csse3200.game.components.tower.TNTDamageComponentTest" tests="3" skipped="0" failures="0" errors="0" timestamp="2023-10-10T07:19:26" hostname="DESKTOP-F4ACIG8" time="0.073">
  <properties/>
  <testcase name="TestTNTDamageOnTargetsThatAreNoTInRange()" classname="com.csse3200.game.components.tower.TNTDamageComponentTest" time="0.02"/>
  <testcase name="TestTNTDamageOnEntitiesThatAreNotTargets()" classname="com.csse3200.game.components.tower.TNTDamageComponentTest" time="0.018"/>
  <testcase name="TestTNTDamageOnTargetsThatAreInRange()" classname="com.csse3200.game.components.tower.TNTDamageComponentTest" time="0.03"/>
  <system-out><![CDATA[]]></system-out>
  <system-err><![CDATA[]]></system-err>
</testsuite>
