<?xml version="1.0" encoding="UTF-8"?>
<testsuite name="com.csse3200.game.components.tower.FireTowerAnimationControllerTest" tests="4" skipped="0" failures="0" errors="0" timestamp="2023-10-10T07:19:26" hostname="DESKTOP-F4ACIG8" time="0.191">
  <properties/>
  <testcase name="testAnimateDefault()" classname="com.csse3200.game.components.tower.FireTowerAnimationControllerTest" time="0.023"/>
  <testcase name="testAnimateGoUp()" classname="com.csse3200.game.components.tower.FireTowerAnimationControllerTest" time="0.018"/>
  <testcase name="testAnimateWalk()" classname="com.csse3200.game.components.tower.FireTowerAnimationControllerTest" time="0.026"/>
  <testcase name="testAnimateDeath()" classname="com.csse3200.game.components.tower.FireTowerAnimationControllerTest" time="0.114"/>
  <system-out><![CDATA[]]></system-out>
  <system-err><![CDATA[]]></system-err>
</testsuite>
