<?xml version="1.0" encoding="UTF-8"?>
<testsuite name="com.csse3200.game.entities.factories.PauseMenuFactoryTest" tests="4" skipped="0" failures="0" errors="0" timestamp="2023-10-10T07:19:37" hostname="DESKTOP-F4ACIG8" time="0.779">
  <properties/>
  <testcase name="duplicateNotCreated()" classname="com.csse3200.game.entities.factories.PauseMenuFactoryTest" time="0.708"/>
  <testcase name="createsSecondEntityAfterFirstIsDisposed()" classname="com.csse3200.game.entities.factories.PauseMenuFactoryTest" time="0.031"/>
  <testcase name="createsEntity()" classname="com.csse3200.game.entities.factories.PauseMenuFactoryTest" time="0.018"/>
  <testcase name="entityHasRequiredComponents()" classname="com.csse3200.game.entities.factories.PauseMenuFactoryTest" time="0.018"/>
  <system-out><![CDATA[]]></system-out>
  <system-err><![CDATA[]]></system-err>
</testsuite>
