<?xml version="1.0" encoding="UTF-8"?>
<testsuite name="com.csse3200.game.services.MapServiceTest" tests="3" skipped="0" failures="0" errors="0" timestamp="2023-10-10T07:19:48" hostname="DESKTOP-F4ACIG8" time="0.133">
  <properties/>
  <testcase name="testGetWidth()" classname="com.csse3200.game.services.MapServiceTest" time="0.122"/>
  <testcase name="testGetHeight()" classname="com.csse3200.game.services.MapServiceTest" time="0.005"/>
  <testcase name="testConstructor()" classname="com.csse3200.game.services.MapServiceTest" time="0.004"/>
  <system-out><![CDATA[]]></system-out>
  <system-err><![CDATA[]]></system-err>
</testsuite>
