<?xml version="1.0" encoding="UTF-8"?>
<testsuite name="com.csse3200.game.components.tasks.TNTTowerCombatTaskTest" tests="3" skipped="0" failures="0" errors="0" timestamp="2023-10-10T07:19:25" hostname="DESKTOP-F4ACIG8" time="0.056">
  <properties/>
  <testcase name="testStartTriggersDefaultEvent()" classname="com.csse3200.game.components.tasks.TNTTowerCombatTaskTest" time="0.019"/>
  <testcase name="testStayAtIdleWhenNoTargetInRange()" classname="com.csse3200.game.components.tasks.TNTTowerCombatTaskTest" time="0.013"/>
  <testcase name="testUpdateTowerStateWithTargetInRange()" classname="com.csse3200.game.components.tasks.TNTTowerCombatTaskTest" time="0.016"/>
  <system-out><![CDATA[]]></system-out>
  <system-err><![CDATA[]]></system-err>
</testsuite>
