<?xml version="1.0" encoding="UTF-8"?>
<testsuite name="com.csse3200.game.components.ComponentTypeTest" tests="2" skipped="0" failures="0" errors="0" timestamp="2023-10-10T07:19:17" hostname="DESKTOP-F4ACIG8" time="0.021">
  <properties/>
  <testcase name="shouldGiveUniqueIdPerClass()" classname="com.csse3200.game.components.ComponentTypeTest" time="0.015"/>
  <testcase name="shouldGiveSameIdForSameClass()" classname="com.csse3200.game.components.ComponentTypeTest" time="0.003"/>
  <system-out><![CDATA[]]></system-out>
  <system-err><![CDATA[]]></system-err>
</testsuite>
