<?xml version="1.0" encoding="UTF-8"?>
<testsuite name="com.csse3200.game.areas.GameAreaTest" tests="1" skipped="0" failures="0" errors="0" timestamp="2023-10-10T07:19:13" hostname="DESKTOP-F4ACIG8" time="0.485">
  <properties/>
  <testcase name="shouldSpawnEntities()" classname="com.csse3200.game.areas.GameAreaTest" time="0.485"/>
  <system-out><![CDATA[]]></system-out>
  <system-err><![CDATA[]]></system-err>
</testsuite>
