<?xml version="1.0" encoding="UTF-8"?>
<testsuite name="com.csse3200.game.components.tower.DroidAnimationControllerTest" tests="7" skipped="0" failures="0" errors="0" timestamp="2023-10-10T07:19:26" hostname="DESKTOP-F4ACIG8" time="0.256">
  <properties/>
  <testcase name="testAnimateAttackDown()" classname="com.csse3200.game.components.tower.DroidAnimationControllerTest" time="0.116"/>
  <testcase name="testAnimateDefault()" classname="com.csse3200.game.components.tower.DroidAnimationControllerTest" time="0.03"/>
  <testcase name="testAnimateGoDown()" classname="com.csse3200.game.components.tower.DroidAnimationControllerTest" time="0.022"/>
  <testcase name="testAnimateAttackUp()" classname="com.csse3200.game.components.tower.DroidAnimationControllerTest" time="0.019"/>
  <testcase name="testAnimateGoUp()" classname="com.csse3200.game.components.tower.DroidAnimationControllerTest" time="0.024"/>
  <testcase name="testAnimateWalk()" classname="com.csse3200.game.components.tower.DroidAnimationControllerTest" time="0.018"/>
  <testcase name="testAnimateDeath()" classname="com.csse3200.game.components.tower.DroidAnimationControllerTest" time="0.017"/>
  <system-out><![CDATA[]]></system-out>
  <system-err><![CDATA[]]></system-err>
</testsuite>
