<?xml version="1.0" encoding="UTF-8"?>
<testsuite name="com.csse3200.game.rendering.RenderServiceTest" tests="4" skipped="0" failures="0" errors="0" timestamp="2023-10-10T07:19:47" hostname="DESKTOP-F4ACIG8" time="0.093">
  <properties/>
  <testcase name="shouldRender()" classname="com.csse3200.game.rendering.RenderServiceTest" time="0.051"/>
  <testcase name="shouldRenderInZIndexOrder()" classname="com.csse3200.game.rendering.RenderServiceTest" time="0.028"/>
  <testcase name="shouldNotRenderAfterUnregister()" classname="com.csse3200.game.rendering.RenderServiceTest" time="0.004"/>
  <testcase name="shouldRenderInLayerOrder()" classname="com.csse3200.game.rendering.RenderServiceTest" time="0.007"/>
  <system-out><![CDATA[]]></system-out>
  <system-err><![CDATA[]]></system-err>
</testsuite>
