<?xml version="1.0" encoding="UTF-8"?>
<testsuite name="com.csse3200.game.areas.terrain.TerrainFactoryTest" tests="1" skipped="0" failures="0" errors="0" timestamp="2023-10-10T07:19:17" hostname="DESKTOP-F4ACIG8" time="0.457">
  <properties/>
  <testcase name="testCreateTerrainGeneral()" classname="com.csse3200.game.areas.terrain.TerrainFactoryTest" time="0.457"/>
  <system-out><![CDATA[]]></system-out>
  <system-err><![CDATA[]]></system-err>
</testsuite>
