<?xml version="1.0" encoding="UTF-8"?>
<testsuite name="com.csse3200.game.utils.StringDecoratorTest" tests="2" skipped="0" failures="0" errors="0" timestamp="2023-10-10T07:19:49" hostname="DESKTOP-F4ACIG8" time="0.014">
  <properties/>
  <testcase name="shouldReturnGivenString()" classname="com.csse3200.game.utils.StringDecoratorTest" time="0.005"/>
  <testcase name="shouldPassCorrectObject()" classname="com.csse3200.game.utils.StringDecoratorTest" time="0.008"/>
  <system-out><![CDATA[]]></system-out>
  <system-err><![CDATA[]]></system-err>
</testsuite>
