<?xml version="1.0" encoding="UTF-8"?>
<testsuite name="com.csse3200.game.files.UserSettingsTest" tests="2" skipped="0" failures="0" errors="0" timestamp="2023-10-10T07:19:43" hostname="DESKTOP-F4ACIG8" time="0.424">
  <properties/>
  <testcase name="shouldApplySettings()" classname="com.csse3200.game.files.UserSettingsTest" time="0.414"/>
  <testcase name="shouldFindMatchingDisplay()" classname="com.csse3200.game.files.UserSettingsTest" time="0.009"/>
  <system-out><![CDATA[]]></system-out>
  <system-err><![CDATA[]]></system-err>
</testsuite>
