<?xml version="1.0" encoding="UTF-8"?>
<testsuite name="com.csse3200.game.services.CurrencyServiceTest" tests="2" skipped="0" failures="0" errors="0" timestamp="2023-10-10T07:19:48" hostname="DESKTOP-F4ACIG8" time="0.035">
  <properties/>
  <testcase name="shouldReturnScrap()" classname="com.csse3200.game.services.CurrencyServiceTest" time="0.028"/>
  <testcase name="shouldReturnDisplay()" classname="com.csse3200.game.services.CurrencyServiceTest" time="0.004"/>
  <system-out><![CDATA[]]></system-out>
  <system-err><![CDATA[]]></system-err>
</testsuite>
